<?xml version="1.0" encoding="UTF-8"?>
<!-- Generated by org.testng.reporters.JUnitReportReporter -->
<testsuite hostname="Focus-QA-4" name="com.focus.testcases.SanityFixedAssetsTest" tests="25" failures="1" timestamp="19 Nov 2020 15:43:55 GMT" time="500.106" errors="0">
  <testcase name="checkCreationOfPurchaseAccountAndItemFromPurchaseVoucherVAT" time="25.352" classname="com.focus.testcases.SanityFixedAssetsTest"/>
  <testcase name="checkConditionsinFixedAssetsScreen" time="21.246" classname="com.focus.testcases.SanityFixedAssetsTest"/>
  <testcase name="checkDeletingVoucherInAssertUsage" time="13.240" classname="com.focus.testcases.SanityFixedAssetsTest"/>
  <testcase name="checkSavedOptionsinFixedAssetsScreen" time="4.847" classname="com.focus.testcases.SanityFixedAssetsTest"/>
  <testcase name="checkSavingVoucherInAssertUsage" time="7.945" classname="com.focus.testcases.SanityFixedAssetsTest"/>
  <testcase name="checkSavingVoucherInAssertUsageWithSameAssertItem" time="5.414" classname="com.focus.testcases.SanityFixedAssetsTest"/>
  <testcase name="checkPostedVoucherInFixedAssetDepreciationVoucherWithStraightLine" time="13.894" classname="com.focus.testcases.SanityFixedAssetsTest"/>
  <testcase name="checkSavingVoucherInAssertUsageAfterDeletion" time="5.758" classname="com.focus.testcases.SanityFixedAssetsTest"/>
  <testcase name="checkAddingAccountUnderGroupInFixedAssets" time="94.958" classname="com.focus.testcases.SanityFixedAssetsTest"/>
  <testcase name="checkAssetUsageReport" time="11.058" classname="com.focus.testcases.SanityFixedAssetsTest">
    <failure type="java.lang.AssertionError" message="expected [true] but found [false]">
      <![CDATA[java.lang.AssertionError: expected [true] but found [false]
	at org.testng.Assert.fail(Assert.java:94)
	at org.testng.Assert.failNotEquals(Assert.java:513)
	at org.testng.Assert.assertEqualsImpl(Assert.java:135)
	at org.testng.Assert.assertEquals(Assert.java:116)
	at org.testng.Assert.assertEquals(Assert.java:305)
	at org.testng.Assert.assertEquals(Assert.java:315)
	at com.focus.testcases.SanityFixedAssetsTest.checkAssetUsageReport(SanityFixedAssetsTest.java:206)
	at sun.reflect.NativeMethodAccessorImpl.invoke0(Native Method)
	at sun.reflect.NativeMethodAccessorImpl.invoke(Unknown Source)
	at sun.reflect.DelegatingMethodAccessorImpl.invoke(Unknown Source)
	at java.lang.reflect.Method.invoke(Unknown Source)
	at org.testng.internal.MethodInvocationHelper.invokeMethod(MethodInvocationHelper.java:86)
	at org.testng.internal.Invoker.invokeMethod(Invoker.java:643)
	at org.testng.internal.Invoker.invokeTestMethod(Invoker.java:820)
	at org.testng.internal.Invoker.invokeTestMethods(Invoker.java:1128)
	at org.testng.internal.TestMethodWorker.invokeTestMethods(TestMethodWorker.java:129)
	at org.testng.internal.TestMethodWorker.run(TestMethodWorker.java:112)
	at org.testng.TestRunner.privateRun(TestRunner.java:782)
	at org.testng.TestRunner.run(TestRunner.java:632)
	at org.testng.SuiteRunner.runTest(SuiteRunner.java:366)
	at org.testng.SuiteRunner.runSequentially(SuiteRunner.java:361)
	at org.testng.SuiteRunner.privateRun(SuiteRunner.java:319)
	at org.testng.SuiteRunner.run(SuiteRunner.java:268)
	at org.testng.SuiteRunnerWorker.runSuite(SuiteRunnerWorker.java:52)
	at org.testng.SuiteRunnerWorker.run(SuiteRunnerWorker.java:86)
	at org.testng.TestNG.runSuitesSequentially(TestNG.java:1244)
	at org.testng.TestNG.runSuitesLocally(TestNG.java:1169)
	at org.testng.TestNG.run(TestNG.java:1064)
	at org.testng.remote.AbstractRemoteTestNG.run(AbstractRemoteTestNG.java:114)
	at org.testng.remote.RemoteTestNG.initAndRun(RemoteTestNG.java:251)
	at org.testng.remote.RemoteTestNG.main(RemoteTestNG.java:77)
]]>
    </failure>
  </testcase> <!-- checkAssetUsageReport -->
  <testcase name="checkAddingFixedAssetInHeaderOFFixedAssetDepreciationVoucher" time="17.174" classname="com.focus.testcases.SanityFixedAssetsTest"/>
  <testcase name="checkPostingWithStraightLineInPostDepreciationEntries" time="21.047" classname="com.focus.testcases.SanityFixedAssetsTest"/>
  <testcase name="checkFixedAssetsTabUnderPreference" time="4.835" classname="com.focus.testcases.SanityFixedAssetsTest"/>
  <testcase name="checkSavedVoucherInAssertUsage" time="6.107" classname="com.focus.testcases.SanityFixedAssetsTest"/>
  <testcase name="checkFixedAssetsPopUpScreenDepreciationTab" time="76.174" classname="com.focus.testcases.SanityFixedAssetsTest"/>
  <testcase name="checkDeletionGroupInFixedAssets" time="8.750" classname="com.focus.testcases.SanityFixedAssetsTest"/>
  <testcase name="checkPurchaseAccountListAfterEnableFixedAssetsOption" time="28.133" classname="com.focus.testcases.SanityFixedAssetsTest"/>
  <testcase name="checkSavingVoucherinPurchaseVoucher" time="37.259" classname="com.focus.testcases.SanityFixedAssetsTest"/>
  <testcase name="checkFixedAssetReport" time="12.011" classname="com.focus.testcases.SanityFixedAssetsTest"/>
  <testcase name="checkEditingInSavedVoucherInAssertUsage" time="5.519" classname="com.focus.testcases.SanityFixedAssetsTest"/>
  <testcase name="checkFixedAssetsPopUpScreenGenaralTab" time="9.111" classname="com.focus.testcases.SanityFixedAssetsTest"/>
  <testcase name="checkSavingGroupAsBasedOnUsage" time="16.343" classname="com.focus.testcases.SanityFixedAssetsTest"/>
  <testcase name="checkSavingGroupAsStraightLine" time="4.530" classname="com.focus.testcases.SanityFixedAssetsTest"/>
  <testcase name="checkPostedVoucherInFixedAssetDepreciationVoucher" time="17.765" classname="com.focus.testcases.SanityFixedAssetsTest"/>
  <testcase name="checkPostingInPostDepreciationEntries" time="31.636" classname="com.focus.testcases.SanityFixedAssetsTest"/>
</testsuite> <!-- com.focus.testcases.SanityFixedAssetsTest -->
