<?xml version="1.0" encoding="UTF-8"?>
<!-- Generated by org.testng.reporters.JUnitReportReporter -->
<testsuite hostname="Focus-QA-4" name="com.focus.testcases.SecuritySmokeTest" tests="57" failures="3" timestamp="31 Oct 2020 11:57:16 GMT" time="868.506" errors="0">
  <testcase name="verifyPasswordPolicyLists" time="3.544" classname="com.focus.testcases.SecuritySmokeTest"/>
  <testcase name="checkCloseAlertInAlertClickOnOkBtn" time="7.388" classname="com.focus.testcases.SecuritySmokeTest"/>
  <testcase name="checkSavingRoleWithAllProfileST" time="13.650" classname="com.focus.testcases.SecuritySmokeTest"/>
  <testcase name="verifyInputValidStartIpAndEndIpInNetworkPolicy" time="10.411" classname="com.focus.testcases.SecuritySmokeTest"/>
  <testcase name="checkPasswordPolicyintheAssignedProfileTab" time="3.276" classname="com.focus.testcases.SecuritySmokeTest"/>
  <testcase name="checkCreateProfileHomeMastersAccountSelectingAllCheckBox" time="6.612" classname="com.focus.testcases.SecuritySmokeTest"/>
  <testcase name="CheckSavingAllProfileSTwithAlloptionsEnabled" time="22.853" classname="com.focus.testcases.SecuritySmokeTest"/>
  <testcase name="checkSavingUserWithRoleST" time="16.649" classname="com.focus.testcases.SecuritySmokeTest"/>
  <testcase name="checInputMandatoryFieldsInCreateUser" time="14.461" classname="com.focus.testcases.SecuritySmokeTest"/>
  <testcase name="checkCreateProfileSavingProfile" time="4.724" classname="com.focus.testcases.SecuritySmokeTest"/>
  <testcase name="checkLoginCompanyWithValidCredentials" time="17.513" classname="com.focus.testcases.SecuritySmokeTest"/>
  <testcase name="checkLogoutAndLoginWithNewlySavedUser" time="23.110" classname="com.focus.testcases.SecuritySmokeTest"/>
  <testcase name="checkUserDataInUpdatedUser" time="28.483" classname="com.focus.testcases.SecuritySmokeTest"/>
  <testcase name="checkSavedAllowIpInNetworkPolicy" time="7.738" classname="com.focus.testcases.SecuritySmokeTest"/>
  <testcase name="checkCreateProfileValidatingSalesInvoice" time="12.580" classname="com.focus.testcases.SecuritySmokeTest"/>
  <testcase name="checkCreateProfileSubMenus" time="39.232" classname="com.focus.testcases.SecuritySmokeTest"/>
  <testcase name="verifyGetTheUpdatedPasswordPolicy" time="7.139" classname="com.focus.testcases.SecuritySmokeTest"/>
  <testcase name="checkLogoutAndLoginWithSUToUpdatedUserDeleteUser" time="12.872" classname="com.focus.testcases.SecuritySmokeTest"/>
  <testcase name="checkCreateProfileHomeMastersAccountRestrictionsTab" time="12.315" classname="com.focus.testcases.SecuritySmokeTest">
    <failure type="java.lang.AssertionError" message="expected [true] but found [false]">
      <![CDATA[java.lang.AssertionError: expected [true] but found [false]
	at org.testng.Assert.fail(Assert.java:94)
	at org.testng.Assert.failNotEquals(Assert.java:513)
	at org.testng.Assert.assertEqualsImpl(Assert.java:135)
	at org.testng.Assert.assertEquals(Assert.java:116)
	at org.testng.Assert.assertEquals(Assert.java:305)
	at org.testng.Assert.assertEquals(Assert.java:315)
	at com.focus.testcases.SecuritySmokeTest.checkCreateProfileHomeMastersAccountRestrictionsTab(SecuritySmokeTest.java:191)
	at sun.reflect.NativeMethodAccessorImpl.invoke0(Native Method)
	at sun.reflect.NativeMethodAccessorImpl.invoke(Unknown Source)
	at sun.reflect.DelegatingMethodAccessorImpl.invoke(Unknown Source)
	at java.lang.reflect.Method.invoke(Unknown Source)
	at org.testng.internal.MethodInvocationHelper.invokeMethod(MethodInvocationHelper.java:86)
	at org.testng.internal.Invoker.invokeMethod(Invoker.java:643)
	at org.testng.internal.Invoker.invokeTestMethod(Invoker.java:820)
	at org.testng.internal.Invoker.invokeTestMethods(Invoker.java:1128)
	at org.testng.internal.TestMethodWorker.invokeTestMethods(TestMethodWorker.java:129)
	at org.testng.internal.TestMethodWorker.run(TestMethodWorker.java:112)
	at org.testng.TestRunner.privateRun(TestRunner.java:782)
	at org.testng.TestRunner.run(TestRunner.java:632)
	at org.testng.SuiteRunner.runTest(SuiteRunner.java:366)
	at org.testng.SuiteRunner.runSequentially(SuiteRunner.java:361)
	at org.testng.SuiteRunner.privateRun(SuiteRunner.java:319)
	at org.testng.SuiteRunner.run(SuiteRunner.java:268)
	at org.testng.SuiteRunnerWorker.runSuite(SuiteRunnerWorker.java:52)
	at org.testng.SuiteRunnerWorker.run(SuiteRunnerWorker.java:86)
	at org.testng.TestNG.runSuitesSequentially(TestNG.java:1244)
	at org.testng.TestNG.runSuitesLocally(TestNG.java:1169)
	at org.testng.TestNG.run(TestNG.java:1064)
	at org.testng.remote.AbstractRemoteTestNG.run(AbstractRemoteTestNG.java:114)
	at org.testng.remote.RemoteTestNG.initAndRun(RemoteTestNG.java:251)
	at org.testng.remote.RemoteTestNG.main(RemoteTestNG.java:77)
]]>
    </failure>
  </testcase> <!-- checkCreateProfileHomeMastersAccountRestrictionsTab -->
  <testcase name="checkCreateProfileSavingValidatingAndDeletingLoadedProfile" time="29.315" classname="com.focus.testcases.SecuritySmokeTest"/>
  <testcase name="checkCreateProfileFinancialsTransactionsSalesSalesInvoiceRestrictionsTab" time="18.709" classname="com.focus.testcases.SecuritySmokeTest">
    <failure type="java.lang.AssertionError" message="expected [true] but found [false]">
      <![CDATA[java.lang.AssertionError: expected [true] but found [false]
	at org.testng.Assert.fail(Assert.java:94)
	at org.testng.Assert.failNotEquals(Assert.java:513)
	at org.testng.Assert.assertEqualsImpl(Assert.java:135)
	at org.testng.Assert.assertEquals(Assert.java:116)
	at org.testng.Assert.assertEquals(Assert.java:305)
	at org.testng.Assert.assertEquals(Assert.java:315)
	at com.focus.testcases.SecuritySmokeTest.checkCreateProfileFinancialsTransactionsSalesSalesInvoiceRestrictionsTab(SecuritySmokeTest.java:205)
	at sun.reflect.NativeMethodAccessorImpl.invoke0(Native Method)
	at sun.reflect.NativeMethodAccessorImpl.invoke(Unknown Source)
	at sun.reflect.DelegatingMethodAccessorImpl.invoke(Unknown Source)
	at java.lang.reflect.Method.invoke(Unknown Source)
	at org.testng.internal.MethodInvocationHelper.invokeMethod(MethodInvocationHelper.java:86)
	at org.testng.internal.Invoker.invokeMethod(Invoker.java:643)
	at org.testng.internal.Invoker.invokeTestMethod(Invoker.java:820)
	at org.testng.internal.Invoker.invokeTestMethods(Invoker.java:1128)
	at org.testng.internal.TestMethodWorker.invokeTestMethods(TestMethodWorker.java:129)
	at org.testng.internal.TestMethodWorker.run(TestMethodWorker.java:112)
	at org.testng.TestRunner.privateRun(TestRunner.java:782)
	at org.testng.TestRunner.run(TestRunner.java:632)
	at org.testng.SuiteRunner.runTest(SuiteRunner.java:366)
	at org.testng.SuiteRunner.runSequentially(SuiteRunner.java:361)
	at org.testng.SuiteRunner.privateRun(SuiteRunner.java:319)
	at org.testng.SuiteRunner.run(SuiteRunner.java:268)
	at org.testng.SuiteRunnerWorker.runSuite(SuiteRunnerWorker.java:52)
	at org.testng.SuiteRunnerWorker.run(SuiteRunnerWorker.java:86)
	at org.testng.TestNG.runSuitesSequentially(TestNG.java:1244)
	at org.testng.TestNG.runSuitesLocally(TestNG.java:1169)
	at org.testng.TestNG.run(TestNG.java:1064)
	at org.testng.remote.AbstractRemoteTestNG.run(AbstractRemoteTestNG.java:114)
	at org.testng.remote.RemoteTestNG.initAndRun(RemoteTestNG.java:251)
	at org.testng.remote.RemoteTestNG.main(RemoteTestNG.java:77)
]]>
    </failure>
  </testcase> <!-- checkCreateProfileFinancialsTransactionsSalesSalesInvoiceRestrictionsTab -->
  <testcase name="verifyGetTheSimplePasswordPolicy" time="3.172" classname="com.focus.testcases.SecuritySmokeTest"/>
  <testcase name="checkCreateProfileLoadFromAllProfileAndValidatePurchasesVouchers" time="37.410" classname="com.focus.testcases.SecuritySmokeTest"/>
  <testcase name="checkLogoutAndLoginWithUpdatedUserWithPreviousPassword" time="6.251" classname="com.focus.testcases.SecuritySmokeTest"/>
  <testcase name="verifyAlertOnDeletePasswordPolicy" time="7.900" classname="com.focus.testcases.SecuritySmokeTest"/>
  <testcase name="checkDeletingUpdatedUser" time="28.641" classname="com.focus.testcases.SecuritySmokeTest"/>
  <testcase name="checkCreateProfilePageWithAllOptions" time="8.722" classname="com.focus.testcases.SecuritySmokeTest"/>
  <testcase name="checkOptionDeleteToCickCloseImageInIpTextBoxOnMove" time="12.100" classname="com.focus.testcases.SecuritySmokeTest"/>
  <testcase name="checkSavingUserWithExclusion" time="30.838" classname="com.focus.testcases.SecuritySmokeTest"/>
  <testcase name="checkCreateProfileSavingAfterEditingProfile" time="4.747" classname="com.focus.testcases.SecuritySmokeTest"/>
  <testcase name="checkCreateProfileFinancialsTransactionsSalesSalesInvoiceSelectingAllCheckBoxes" time="7.298" classname="com.focus.testcases.SecuritySmokeTest"/>
  <testcase name="checkSavingUserWithRoleSTRestriction" time="16.488" classname="com.focus.testcases.SecuritySmokeTest"/>
  <testcase name="checkCreateProfileValidatingSalesInvoiceAfterSavingEditedProfile" time="14.755" classname="com.focus.testcases.SecuritySmokeTest"/>
  <testcase name="checkUserDataInSavedUser" time="29.510" classname="com.focus.testcases.SecuritySmokeTest"/>
  <testcase name="checkCreateProfileSalesInvoiceSelectingSuspendOnSavingAndHideMenuCheckBoxes" time="7.082" classname="com.focus.testcases.SecuritySmokeTest"/>
  <testcase name="verifyPasswordPolicy" time="10.548" classname="com.focus.testcases.SecuritySmokeTest"/>
  <testcase name="checkCloseBtnInNetworkPolicyPage" time="3.374" classname="com.focus.testcases.SecuritySmokeTest"/>
  <testcase name="checkEditingAndUpdatingSavedUser" time="31.509" classname="com.focus.testcases.SecuritySmokeTest"/>
  <testcase name="checkLoginWithUpdatedPassword" time="10.232" classname="com.focus.testcases.SecuritySmokeTest"/>
  <testcase name="checkSavedIpIsdisplayingUserCloseReOpenTheNetworkpolicy" time="8.607" classname="com.focus.testcases.SecuritySmokeTest"/>
  <testcase name="verifyUpdateSimplePasswordPolicy" time="6.208" classname="com.focus.testcases.SecuritySmokeTest"/>
  <testcase name="checkClickOnRightArrowIconWitSelectProfile" time="7.646" classname="com.focus.testcases.SecuritySmokeTest"/>
  <testcase name="checkClickOnLeftArrowIconWitSelectProfile" time="6.786" classname="com.focus.testcases.SecuritySmokeTest"/>
  <testcase name="checkCreateUsersPageWithAllOptions" time="54.058" classname="com.focus.testcases.SecuritySmokeTest">
    <failure type="java.lang.AssertionError" message="expected [true] but found [false]">
      <![CDATA[java.lang.AssertionError: expected [true] but found [false]
	at org.testng.Assert.fail(Assert.java:94)
	at org.testng.Assert.failNotEquals(Assert.java:513)
	at org.testng.Assert.assertEqualsImpl(Assert.java:135)
	at org.testng.Assert.assertEquals(Assert.java:116)
	at org.testng.Assert.assertEquals(Assert.java:305)
	at org.testng.Assert.assertEquals(Assert.java:315)
	at com.focus.testcases.SecuritySmokeTest.checkCreateUsersPageWithAllOptions(SecuritySmokeTest.java:346)
	at sun.reflect.NativeMethodAccessorImpl.invoke0(Native Method)
	at sun.reflect.NativeMethodAccessorImpl.invoke(Unknown Source)
	at sun.reflect.DelegatingMethodAccessorImpl.invoke(Unknown Source)
	at java.lang.reflect.Method.invoke(Unknown Source)
	at org.testng.internal.MethodInvocationHelper.invokeMethod(MethodInvocationHelper.java:86)
	at org.testng.internal.Invoker.invokeMethod(Invoker.java:643)
	at org.testng.internal.Invoker.invokeTestMethod(Invoker.java:820)
	at org.testng.internal.Invoker.invokeTestMethods(Invoker.java:1128)
	at org.testng.internal.TestMethodWorker.invokeTestMethods(TestMethodWorker.java:129)
	at org.testng.internal.TestMethodWorker.run(TestMethodWorker.java:112)
	at org.testng.TestRunner.privateRun(TestRunner.java:782)
	at org.testng.TestRunner.run(TestRunner.java:632)
	at org.testng.SuiteRunner.runTest(SuiteRunner.java:366)
	at org.testng.SuiteRunner.runSequentially(SuiteRunner.java:361)
	at org.testng.SuiteRunner.privateRun(SuiteRunner.java:319)
	at org.testng.SuiteRunner.run(SuiteRunner.java:268)
	at org.testng.SuiteRunnerWorker.runSuite(SuiteRunnerWorker.java:52)
	at org.testng.SuiteRunnerWorker.run(SuiteRunnerWorker.java:86)
	at org.testng.TestNG.runSuitesSequentially(TestNG.java:1244)
	at org.testng.TestNG.runSuitesLocally(TestNG.java:1169)
	at org.testng.TestNG.run(TestNG.java:1064)
	at org.testng.remote.AbstractRemoteTestNG.run(AbstractRemoteTestNG.java:114)
	at org.testng.remote.RemoteTestNG.initAndRun(RemoteTestNG.java:251)
	at org.testng.remote.RemoteTestNG.main(RemoteTestNG.java:77)
]]>
    </failure>
  </testcase> <!-- checkCreateUsersPageWithAllOptions -->
  <testcase name="checkEditAndUpdateSavedRole" time="31.005" classname="com.focus.testcases.SecuritySmokeTest"/>
  <testcase name="checkSaveIP" time="5.426" classname="com.focus.testcases.SecuritySmokeTest"/>
  <testcase name="verifyPasswordPolicySimpleSave" time="4.213" classname="com.focus.testcases.SecuritySmokeTest"/>
  <testcase name="verifyOpenNetworkPolicy" time="8.948" classname="com.focus.testcases.SecuritySmokeTest"/>
  <testcase name="CheckSavingPassWordPolicyOfNumericTypeandSimplePolicy" time="9.329" classname="com.focus.testcases.SecuritySmokeTest"/>
  <testcase name="verifyClearBtnWhileUpdate" time="8.214" classname="com.focus.testcases.SecuritySmokeTest"/>
  <testcase name="verifyClickOnSaveBtn" time="5.983" classname="com.focus.testcases.SecuritySmokeTest"/>
  <testcase name="verifyUpdateBtn" time="9.037" classname="com.focus.testcases.SecuritySmokeTest"/>
  <testcase name="checkLogoutUserSecurityPage" time="4.357" classname="com.focus.testcases.SecuritySmokeTest"/>
  <testcase name="checkLogoutAndLoginWithSU" time="12.882" classname="com.focus.testcases.SecuritySmokeTest"/>
  <testcase name="checkCreateRolePageWithAllOptions" time="8.758" classname="com.focus.testcases.SecuritySmokeTest"/>
  <testcase name="checkSaveingRoleWithAllfieldsInAllTabs" time="76.553" classname="com.focus.testcases.SecuritySmokeTest"/>
  <testcase name="checkCompareAndDeleteUpdatedRole" time="17.345" classname="com.focus.testcases.SecuritySmokeTest"/>
</testsuite> <!-- com.focus.testcases.SecuritySmokeTest -->
