<?xml version="1.0" encoding="UTF-8"?>
<!-- Generated by org.testng.reporters.JUnitReportReporter -->
<testsuite hostname="FOCUS-QA-11" name="com.focus.testcases.PaymentsVoucherTest" tests="43" failures="1" timestamp="13 Oct 2020 09:57:56 GMT" time="730.338" errors="0">
  <testcase name="checkPaymentCashAndBankOptions" time="5.005" classname="com.focus.testcases.PaymentsVoucherTest"/>
  <testcase name="checkCustomizeOptionOfDepartment" time="4.566" classname="com.focus.testcases.PaymentsVoucherTest"/>
  <testcase name="chekSavingVoucherAfterRowDeletionAndCopyDocumentInPayment" time="4.735" classname="com.focus.testcases.PaymentsVoucherTest"/>
  <testcase name="checkPaymentVoucherSaveWithHeaderFieldsInput" time="3.841" classname="com.focus.testcases.PaymentsVoucherTest"/>
  <testcase name="checkPaymentsNewHomePageNewOption" time="9.205" classname="com.focus.testcases.PaymentsVoucherTest"/>
  <testcase name="checkStandardFieldOptions" time="6.028" classname="com.focus.testcases.PaymentsVoucherTest"/>
  <testcase name="checkPaymentsVoucherVATDepartment" time="6.116" classname="com.focus.testcases.PaymentsVoucherTest"/>
  <testcase name="checkCopyDocumentPopOptionsinPaymentVoucher" time="22.078" classname="com.focus.testcases.PaymentsVoucherTest"/>
  <testcase name="checkPaymentsNewEntryPageRibbonControl" time="4.229" classname="com.focus.testcases.PaymentsVoucherTest"/>
  <testcase name="checkPaymentsEntryPageBodyFields" time="4.116" classname="com.focus.testcases.PaymentsVoucherTest"/>
  <testcase name="checkSavedVoucherinPaymentsScreen" time="26.975" classname="com.focus.testcases.PaymentsVoucherTest"/>
  <testcase name="checkPaymentsNewEntryPageHeaderFields" time="5.015" classname="com.focus.testcases.PaymentsVoucherTest"/>
  <testcase name="checkPaymentsWithAdjustAmountForCustomerB" time="86.036" classname="com.focus.testcases.PaymentsVoucherTest"/>
  <testcase name="checkDeletingColumninCustomizeOptionintheHeaderFields" time="47.540" classname="com.focus.testcases.PaymentsVoucherTest"/>
  <testcase name="checkOptionsUndertoggleBtn" time="4.094" classname="com.focus.testcases.PaymentsVoucherTest"/>
  <testcase name="checkSuspendedOptioninPaymentsthroughClickOnPreviousButton" time="6.864" classname="com.focus.testcases.PaymentsVoucherTest"/>
  <testcase name="checkCurrencyOptioninPayments" time="4.068" classname="com.focus.testcases.PaymentsVoucherTest"/>
  <testcase name="checkPaymentsWithCurrencyAEDInputAndExcgRate" time="7.543" classname="com.focus.testcases.PaymentsVoucherTest"/>
  <testcase name="checkNewOptioninEntryPageinPayments" time="7.384" classname="com.focus.testcases.PaymentsVoucherTest"/>
  <testcase name="checkPaymentsSaveWithoutMandatoryFields" time="6.081" classname="com.focus.testcases.PaymentsVoucherTest"/>
  <testcase name="checkDueDateOptioninPaymentsEntryPage" time="5.138" classname="com.focus.testcases.PaymentsVoucherTest"/>
  <testcase name="checkPaymentsWithCurrencyINRInputAndExcgRate" time="13.269" classname="com.focus.testcases.PaymentsVoucherTest"/>
  <testcase name="checkPaymentsWithCurrencyUSDInputAndExcgRate" time="9.841" classname="com.focus.testcases.PaymentsVoucherTest"/>
  <testcase name="checkPaymentsEntryPageFooterFields" time="3.695" classname="com.focus.testcases.PaymentsVoucherTest"/>
  <testcase name="chekDeleteOPtionInPayments" time="7.186" classname="com.focus.testcases.PaymentsVoucherTest"/>
  <testcase name="checkPaymentsEntryPageDocumentNumber" time="3.714" classname="com.focus.testcases.PaymentsVoucherTest"/>
  <testcase name="checkFinancialsMenu" time="7.846" classname="com.focus.testcases.PaymentsVoucherTest"/>
  <testcase name="checkCancelInCustomizeOptionintheHeaderFields" time="40.928" classname="com.focus.testcases.PaymentsVoucherTest"/>
  <testcase name="checkClickOnSecondEntryInBillwiseScreenForVendorB" time="71.393" classname="com.focus.testcases.PaymentsVoucherTest"/>
  <testcase name="checkSelectingsCodeFromFields" time="2.641" classname="com.focus.testcases.PaymentsVoucherTest"/>
  <testcase name="checkEnteringDataIntoBodyGrid" time="18.387" classname="com.focus.testcases.PaymentsVoucherTest"/>
  <testcase name="checkLoginToFinancialVouchers" time="17.260" classname="com.focus.testcases.PaymentsVoucherTest"/>
  <testcase name="checkTransactionsMenuInFinanceMenu" time="6.749" classname="com.focus.testcases.PaymentsVoucherTest"/>
  <testcase name="checkPaymentsVoucherHomeScreenOptions" time="6.635" classname="com.focus.testcases.PaymentsVoucherTest"/>
  <testcase name="checkRowDeleteFromEntryPageInPayment" time="4.400" classname="com.focus.testcases.PaymentsVoucherTest"/>
  <testcase name="checkCustomizationOptionInPayments" time="17.659" classname="com.focus.testcases.PaymentsVoucherTest"/>
  <testcase name="checkPaymentsNewDateFieldLessThanCompanyAccountingDate" time="12.648" classname="com.focus.testcases.PaymentsVoucherTest"/>
  <testcase name="checkNavigationToPaymentVATVocher" time="8.057" classname="com.focus.testcases.PaymentsVoucherTest"/>
  <testcase name="checkPaymentsWithVendorinAdjustments" time="54.110" classname="com.focus.testcases.PaymentsVoucherTest">
    <failure type="java.lang.AssertionError" message="expected [true] but found [false]">
      <![CDATA[java.lang.AssertionError: expected [true] but found [false]
	at org.testng.Assert.fail(Assert.java:94)
	at org.testng.Assert.failNotEquals(Assert.java:513)
	at org.testng.Assert.assertEqualsImpl(Assert.java:135)
	at org.testng.Assert.assertEquals(Assert.java:116)
	at org.testng.Assert.assertEquals(Assert.java:305)
	at org.testng.Assert.assertEquals(Assert.java:315)
	at com.focus.testcases.PaymentsVoucherTest.checkPaymentsWithVendorinAdjustments(PaymentsVoucherTest.java:395)
	at sun.reflect.NativeMethodAccessorImpl.invoke0(Native Method)
	at sun.reflect.NativeMethodAccessorImpl.invoke(Unknown Source)
	at sun.reflect.DelegatingMethodAccessorImpl.invoke(Unknown Source)
	at java.lang.reflect.Method.invoke(Unknown Source)
	at org.testng.internal.MethodInvocationHelper.invokeMethod(MethodInvocationHelper.java:86)
	at org.testng.internal.Invoker.invokeMethod(Invoker.java:643)
	at org.testng.internal.Invoker.invokeTestMethod(Invoker.java:820)
	at org.testng.internal.Invoker.invokeTestMethods(Invoker.java:1128)
	at org.testng.internal.TestMethodWorker.invokeTestMethods(TestMethodWorker.java:129)
	at org.testng.internal.TestMethodWorker.run(TestMethodWorker.java:112)
	at org.testng.TestRunner.privateRun(TestRunner.java:782)
	at org.testng.TestRunner.run(TestRunner.java:632)
	at org.testng.SuiteRunner.runTest(SuiteRunner.java:366)
	at org.testng.SuiteRunner.runSequentially(SuiteRunner.java:361)
	at org.testng.SuiteRunner.privateRun(SuiteRunner.java:319)
	at org.testng.SuiteRunner.run(SuiteRunner.java:268)
	at org.testng.SuiteRunnerWorker.runSuite(SuiteRunnerWorker.java:52)
	at org.testng.SuiteRunnerWorker.run(SuiteRunnerWorker.java:86)
	at org.testng.TestNG.runSuitesSequentially(TestNG.java:1244)
	at org.testng.TestNG.runSuitesLocally(TestNG.java:1169)
	at org.testng.TestNG.run(TestNG.java:1064)
	at org.testng.remote.AbstractRemoteTestNG.run(AbstractRemoteTestNG.java:114)
	at org.testng.remote.RemoteTestNG.initAndRun(RemoteTestNG.java:251)
	at org.testng.remote.RemoteTestNG.main(RemoteTestNG.java:77)
]]>
    </failure>
  </testcase> <!-- checkPaymentsWithVendorinAdjustments -->
  <testcase name="checkPendingBillsInPaymentVoucher" time="8.974" classname="com.focus.testcases.PaymentsVoucherTest"/>
  <testcase name="checkPaymentVoucherCopyDocumentOption" time="7.928" classname="com.focus.testcases.PaymentsVoucherTest"/>
  <testcase name="checkBillwiseScreeninPaymentsWithAdjustAmountForVendorA" time="105.327" classname="com.focus.testcases.PaymentsVoucherTest"/>
  <testcase name="checkCopyToClipboardOptioninPayments" time="25.034" classname="com.focus.testcases.PaymentsVoucherTest"/>
</testsuite> <!-- com.focus.testcases.PaymentsVoucherTest -->
