<?xml version="1.0" encoding="UTF-8"?>
<!-- Generated by org.testng.reporters.JUnitReportReporter -->
<testsuite hostname="FOCUS-QA-4" name="com.focus.testcases.SmokeDashboardTest" tests="15" failures="2" timestamp="23 Jul 2021 12:36:07 GMT" time="297.914" errors="0">
  <testcase name="verifyDashBboardOptions" time="0.471" classname="com.focus.testcases.SmokeDashboardTest"/>
  <testcase name="verifyEditDescriptionInEditDashboard" time="104.523" classname="com.focus.testcases.SmokeDashboardTest">
    <failure type="java.lang.AssertionError" message="expected [true] but found [false]">
      <![CDATA[java.lang.AssertionError: expected [true] but found [false]
	at org.testng.Assert.fail(Assert.java:94)
	at org.testng.Assert.failNotEquals(Assert.java:513)
	at org.testng.Assert.assertEqualsImpl(Assert.java:135)
	at org.testng.Assert.assertEquals(Assert.java:116)
	at org.testng.Assert.assertEquals(Assert.java:305)
	at org.testng.Assert.assertEquals(Assert.java:315)
	at com.focus.testcases.SmokeDashboardTest.verifyEditDescriptionInEditDashboard(SmokeDashboardTest.java:43)
	at sun.reflect.NativeMethodAccessorImpl.invoke0(Native Method)
	at sun.reflect.NativeMethodAccessorImpl.invoke(Unknown Source)
	at sun.reflect.DelegatingMethodAccessorImpl.invoke(Unknown Source)
	at java.lang.reflect.Method.invoke(Unknown Source)
	at org.testng.internal.MethodInvocationHelper.invokeMethod(MethodInvocationHelper.java:86)
	at org.testng.internal.Invoker.invokeMethod(Invoker.java:643)
	at org.testng.internal.Invoker.invokeTestMethod(Invoker.java:820)
	at org.testng.internal.Invoker.invokeTestMethods(Invoker.java:1128)
	at org.testng.internal.TestMethodWorker.invokeTestMethods(TestMethodWorker.java:129)
	at org.testng.internal.TestMethodWorker.run(TestMethodWorker.java:112)
	at org.testng.TestRunner.privateRun(TestRunner.java:782)
	at org.testng.TestRunner.run(TestRunner.java:632)
	at org.testng.SuiteRunner.runTest(SuiteRunner.java:366)
	at org.testng.SuiteRunner.runSequentially(SuiteRunner.java:361)
	at org.testng.SuiteRunner.privateRun(SuiteRunner.java:319)
	at org.testng.SuiteRunner.run(SuiteRunner.java:268)
	at org.testng.SuiteRunnerWorker.runSuite(SuiteRunnerWorker.java:52)
	at org.testng.SuiteRunnerWorker.run(SuiteRunnerWorker.java:86)
	at org.testng.TestNG.runSuitesSequentially(TestNG.java:1244)
	at org.testng.TestNG.runSuitesLocally(TestNG.java:1169)
	at org.testng.TestNG.run(TestNG.java:1064)
	at org.testng.remote.AbstractRemoteTestNG.run(AbstractRemoteTestNG.java:114)
	at org.testng.remote.RemoteTestNG.initAndRun(RemoteTestNG.java:251)
	at org.testng.remote.RemoteTestNG.main(RemoteTestNG.java:77)
]]>
    </failure>
  </testcase> <!-- verifyEditDescriptionInEditDashboard -->
  <testcase name="verifyLogoutandLoginWithNewUser" time="21.852" classname="com.focus.testcases.SmokeDashboardTest"/>
  <testcase name="verifyDashletGraphCreatedInDashboard" time="5.458" classname="com.focus.testcases.SmokeDashboardTest"/>
  <testcase name="verifyYesBtnInDeleteAfterClickOnNoGraphInDashlet" time="7.554" classname="com.focus.testcases.SmokeDashboardTest"/>
  <testcase name="checkAddingGraphDashlet" time="32.537" classname="com.focus.testcases.SmokeDashboardTest"/>
  <testcase name="verifySaveDashboardInSelectDashboard" time="0.746" classname="com.focus.testcases.SmokeDashboardTest"/>
  <testcase name="verifyLogoutandLoginWithSU" time="9.889" classname="com.focus.testcases.SmokeDashboardTest"/>
  <testcase name="verifySaveWithMandatoryFieldsInDefineGraph" time="5.590" classname="com.focus.testcases.SmokeDashboardTest"/>
  <testcase name="verifySaveInDashBboardNewOptions" time="84.113" classname="com.focus.testcases.SmokeDashboardTest">
    <failure type="java.lang.AssertionError" message="expected [true] but found [false]">
      <![CDATA[java.lang.AssertionError: expected [true] but found [false]
	at org.testng.Assert.fail(Assert.java:94)
	at org.testng.Assert.failNotEquals(Assert.java:513)
	at org.testng.Assert.assertEqualsImpl(Assert.java:135)
	at org.testng.Assert.assertEquals(Assert.java:116)
	at org.testng.Assert.assertEquals(Assert.java:305)
	at org.testng.Assert.assertEquals(Assert.java:315)
	at com.focus.testcases.SmokeDashboardTest.verifySaveInDashBboardNewOptions(SmokeDashboardTest.java:29)
	at sun.reflect.NativeMethodAccessorImpl.invoke0(Native Method)
	at sun.reflect.NativeMethodAccessorImpl.invoke(Unknown Source)
	at sun.reflect.DelegatingMethodAccessorImpl.invoke(Unknown Source)
	at java.lang.reflect.Method.invoke(Unknown Source)
	at org.testng.internal.MethodInvocationHelper.invokeMethod(MethodInvocationHelper.java:86)
	at org.testng.internal.Invoker.invokeMethod(Invoker.java:643)
	at org.testng.internal.Invoker.invokeTestMethod(Invoker.java:820)
	at org.testng.internal.Invoker.invokeTestMethods(Invoker.java:1128)
	at org.testng.internal.TestMethodWorker.invokeTestMethods(TestMethodWorker.java:129)
	at org.testng.internal.TestMethodWorker.run(TestMethodWorker.java:112)
	at org.testng.TestRunner.privateRun(TestRunner.java:782)
	at org.testng.TestRunner.run(TestRunner.java:632)
	at org.testng.SuiteRunner.runTest(SuiteRunner.java:366)
	at org.testng.SuiteRunner.runSequentially(SuiteRunner.java:361)
	at org.testng.SuiteRunner.privateRun(SuiteRunner.java:319)
	at org.testng.SuiteRunner.run(SuiteRunner.java:268)
	at org.testng.SuiteRunnerWorker.runSuite(SuiteRunnerWorker.java:52)
	at org.testng.SuiteRunnerWorker.run(SuiteRunnerWorker.java:86)
	at org.testng.TestNG.runSuitesSequentially(TestNG.java:1244)
	at org.testng.TestNG.runSuitesLocally(TestNG.java:1169)
	at org.testng.TestNG.run(TestNG.java:1064)
	at org.testng.remote.AbstractRemoteTestNG.run(AbstractRemoteTestNG.java:114)
	at org.testng.remote.RemoteTestNG.initAndRun(RemoteTestNG.java:251)
	at org.testng.remote.RemoteTestNG.main(RemoteTestNG.java:77)
]]>
    </failure>
  </testcase> <!-- verifySaveInDashBboardNewOptions -->
  <testcase name="verifyGraphCustomizationOptionsOfDashboards" time="0.449" classname="com.focus.testcases.SmokeDashboardTest"/>
  <testcase name="verifyUpdateGraphCreatedIsMessageDisplayedInDashlet" time="11.234" classname="com.focus.testcases.SmokeDashboardTest"/>
  <testcase name="verifyDashBoardDeleted" time="4.730" classname="com.focus.testcases.SmokeDashboardTest"/>
  <testcase name="verifyCustomizationOptionsOfDashboards" time="2.874" classname="com.focus.testcases.SmokeDashboardTest"/>
  <testcase name="verifyDragAndDropGraphNew" time="5.894" classname="com.focus.testcases.SmokeDashboardTest"/>
</testsuite> <!-- com.focus.testcases.SmokeDashboardTest -->
