<?xml version="1.0" encoding="UTF-8"?>
<!-- Generated by org.testng.reporters.JUnitReportReporter -->
<testsuite hostname="Focus-QA-4" name="com.focus.testcases.FocusSanityTest" tests="74" failures="2" timestamp="4 Nov 2020 15:15:19 GMT" time="1044.039" errors="1">
  <testcase name="checkStockMovementReportsWithStockMovementByWarehouseAndIncludeServiceTypeItemOptions" time="10.655" classname="com.focus.testcases.FocusSanityTest"/>
  <testcase name="checkStockTransferRegisterReportWithFromAndToWarehouseAndDetailsOptions" time="13.964" classname="com.focus.testcases.FocusSanityTest"/>
  <testcase name="checkFastMovingItemsReportWithFilterOption" time="15.044" classname="com.focus.testcases.FocusSanityTest"/>
  <testcase name="checkSlowMovingItemsReport" time="9.810" classname="com.focus.testcases.FocusSanityTest"/>
  <testcase name="checkReorderReportPrintOption" time="0.911" classname="com.focus.testcases.FocusSanityTest"/>
  <testcase name="checkStockTransferRegisterReportPrintOption" time="7.706" classname="com.focus.testcases.FocusSanityTest"/>
  <testcase name="checkStockDetailsByBinsReports" time="7.859" classname="com.focus.testcases.FocusSanityTest"/>
  <testcase name="checkItemQueryReport" time="22.870" classname="com.focus.testcases.FocusSanityTest"/>
  <testcase name="checkStockAnalysisByBatchReportPrintOption" time="7.667" classname="com.focus.testcases.FocusSanityTest"/>
  <testcase name="checkAgeingAnalysisByRMAReportWithWarehouseAndIgnoreInternalTransferForAgeingOptions" time="5.436" classname="com.focus.testcases.FocusSanityTest"/>
  <testcase name="checkStockBalanaceByBinsReportFilterOption" time="26.127" classname="com.focus.testcases.FocusSanityTest"/>
  <testcase name="checkStockLedgerReportWithMovedItemsOnlyAndIncludeServiceTypeItemsCheckBoxs" time="10.626" classname="com.focus.testcases.FocusSanityTest"/>
  <testcase name="checkABCAnalysisReportWithClassificationAndCriteriaOptions" time="4.435" classname="com.focus.testcases.FocusSanityTest"/>
  <testcase name="checkStockAgeingAnalysisReportFilterOption" time="17.614" classname="com.focus.testcases.FocusSanityTest"/>
  <testcase name="checkTransactionTypeWiseStockReportWithFilterOption" time="17.467" classname="com.focus.testcases.FocusSanityTest"/>
  <testcase name="checkStockAgeingAnalysisReportWithOptions" time="10.644" classname="com.focus.testcases.FocusSanityTest"/>
  <testcase name="checkMultiLevelStockMovementReportWithIncludeServiceTypeItemOption" time="6.425" classname="com.focus.testcases.FocusSanityTest"/>
  <testcase name="checkStockLedgerReport" time="12.957" classname="com.focus.testcases.FocusSanityTest"/>
  <testcase name="checkStockMovementReports" time="9.961" classname="com.focus.testcases.FocusSanityTest"/>
  <testcase name="checkActualConsumptionReportWithFilterOption" time="16.019" classname="com.focus.testcases.FocusSanityTest"/>
  <testcase name="checkStockReportbyTagReportPrintOption" time="7.963" classname="com.focus.testcases.FocusSanityTest"/>
  <testcase name="checkStockAnalysisByRmaReports" time="23.009" classname="com.focus.testcases.FocusSanityTest"/>
  <testcase name="checkStockBalanaceByBinsReports" time="9.486" classname="com.focus.testcases.FocusSanityTest"/>
  <testcase name="checkExpiredStockByBinsReportCustomizationOption" time="8.293" classname="com.focus.testcases.FocusSanityTest"/>
  <testcase name="checkStockBalanceByWarehouseReports" time="8.064" classname="com.focus.testcases.FocusSanityTest"/>
  <testcase name="checkAgeingAnalysisByBinReportWithWarehouseAndIgnoreInternalTransferForAgeingOptions" time="7.771" classname="com.focus.testcases.FocusSanityTest"/>
  <testcase name="checkVirtualStockAnalysisReports" time="8.647" classname="com.focus.testcases.FocusSanityTest"/>
  <testcase name="checkStockByItemByBinReportWithFilterOption" time="16.080" classname="com.focus.testcases.FocusSanityTest"/>
  <testcase name="checkStockReportbyTagReports" time="11.240" classname="com.focus.testcases.FocusSanityTest"/>
  <testcase name="checkBestSellingItemReportWithSortingOnAndIncludeAllVouchersChkBox" time="4.886" classname="com.focus.testcases.FocusSanityTest"/>
  <testcase name="checkABCAnalysisReports" time="8.183" classname="com.focus.testcases.FocusSanityTest"/>
  <testcase name="checkStockAnalysisByBatchReportWithStockTypeGoodBatches" time="3.043" classname="com.focus.testcases.FocusSanityTest"/>
  <testcase name="checkStockValuationCustomizationReport" time="13.073" classname="com.focus.testcases.FocusSanityTest"/>
  <testcase name="checkLoginAndOpenAccountsMenu" time="9.073" classname="com.focus.testcases.FocusSanityTest"/>
  <testcase name="checkStockAnalysisByRmaReportsPrintOption" time="7.877" classname="com.focus.testcases.FocusSanityTest"/>
  <testcase name="checkPeakAndLowBalancesReport" time="8.416" classname="com.focus.testcases.FocusSanityTest"/>
  <testcase name="checkStockValuationReportWithStockValuationDisplayLinearReportIncludeServiceTypeItemOption" time="5.465" classname="com.focus.testcases.FocusSanityTest"/>
  <testcase name="checkStockStatementReport" time="10.249" classname="com.focus.testcases.FocusSanityTest"/>
  <testcase name="checkStockAnalysisByBatchReportFilterOption" time="13.694" classname="com.focus.testcases.FocusSanityTest"/>
  <testcase name="checkStockReservationRegisterReportWithFilterOption" time="14.945" classname="com.focus.testcases.FocusSanityTest"/>
  <testcase name="checkOpeningStockRegisterReport" time="9.536" classname="com.focus.testcases.FocusSanityTest"/>
  <testcase name="checkPeakAndLowBalancesReportWithFilterOption" time="14.278" classname="com.focus.testcases.FocusSanityTest">
    <failure type="java.lang.AssertionError" message="expected [true] but found [false]">
      <![CDATA[java.lang.AssertionError: expected [true] but found [false]
	at org.testng.Assert.fail(Assert.java:94)
	at org.testng.Assert.failNotEquals(Assert.java:513)
	at org.testng.Assert.assertEqualsImpl(Assert.java:135)
	at org.testng.Assert.assertEquals(Assert.java:116)
	at org.testng.Assert.assertEquals(Assert.java:305)
	at org.testng.Assert.assertEquals(Assert.java:315)
	at com.focus.testcases.FocusSanityTest.checkPeakAndLowBalancesReportWithFilterOption(FocusSanityTest.java:2461)
	at sun.reflect.NativeMethodAccessorImpl.invoke0(Native Method)
	at sun.reflect.NativeMethodAccessorImpl.invoke(Unknown Source)
	at sun.reflect.DelegatingMethodAccessorImpl.invoke(Unknown Source)
	at java.lang.reflect.Method.invoke(Unknown Source)
	at org.testng.internal.MethodInvocationHelper.invokeMethod(MethodInvocationHelper.java:86)
	at org.testng.internal.Invoker.invokeMethod(Invoker.java:643)
	at org.testng.internal.Invoker.invokeTestMethod(Invoker.java:820)
	at org.testng.internal.Invoker.invokeTestMethods(Invoker.java:1128)
	at org.testng.internal.TestMethodWorker.invokeTestMethods(TestMethodWorker.java:129)
	at org.testng.internal.TestMethodWorker.run(TestMethodWorker.java:112)
	at org.testng.TestRunner.privateRun(TestRunner.java:782)
	at org.testng.TestRunner.run(TestRunner.java:632)
	at org.testng.SuiteRunner.runTest(SuiteRunner.java:366)
	at org.testng.SuiteRunner.runSequentially(SuiteRunner.java:361)
	at org.testng.SuiteRunner.privateRun(SuiteRunner.java:319)
	at org.testng.SuiteRunner.run(SuiteRunner.java:268)
	at org.testng.SuiteRunnerWorker.runSuite(SuiteRunnerWorker.java:52)
	at org.testng.SuiteRunnerWorker.run(SuiteRunnerWorker.java:86)
	at org.testng.TestNG.runSuitesSequentially(TestNG.java:1244)
	at org.testng.TestNG.runSuitesLocally(TestNG.java:1169)
	at org.testng.TestNG.run(TestNG.java:1064)
	at org.testng.remote.AbstractRemoteTestNG.run(AbstractRemoteTestNG.java:114)
	at org.testng.remote.RemoteTestNG.initAndRun(RemoteTestNG.java:251)
	at org.testng.remote.RemoteTestNG.main(RemoteTestNG.java:77)
]]>
    </failure>
  </testcase> <!-- checkPeakAndLowBalancesReportWithFilterOption -->
  <testcase name="checkStockDetailsByBinsReportFilterOption" time="14.559" classname="com.focus.testcases.FocusSanityTest"/>
  <testcase name="checkStockStatementReportPrintOption" time="7.721" classname="com.focus.testcases.FocusSanityTest"/>
  <testcase name="checkStockReservationRegisterReport" time="9.730" classname="com.focus.testcases.FocusSanityTest"/>
  <testcase name="checkStockBalanceByWarehouseReportIncludeServiceTypeItemOption" time="4.272" classname="com.focus.testcases.FocusSanityTest"/>
  <testcase name="checkAgeingAnalysisByBatchReportWithWarehouseAndIgnoreInternalTransferForAgeingOptions" time="38.921" classname="com.focus.testcases.FocusSanityTest"/>
  <testcase name="checkReorderReports" time="6.497" classname="com.focus.testcases.FocusSanityTest"/>
  <testcase name="checkTransactionTypeWiseStockReport" time="15.604" classname="com.focus.testcases.FocusSanityTest"/>
  <testcase name="checkStockLedgerCustomizationReport" time="20.981" classname="com.focus.testcases.FocusSanityTest"/>
  <testcase name="checkStockTransferRegisterReport" time="13.379" classname="com.focus.testcases.FocusSanityTest"/>
  <testcase name="checkMultiLevelStockMovementReports" time="9.787" classname="com.focus.testcases.FocusSanityTest"/>
  <testcase name="checkVirtualStockAnalysisReportWithIncludeServiceTypeItemOption" time="4.702" classname="com.focus.testcases.FocusSanityTest"/>
  <testcase name="checkStockAnalysisByRMAReportWithFilterOption" time="13.844" classname="com.focus.testcases.FocusSanityTest"/>
  <testcase name="checkStockBalancesByItemByBinsReports" time="17.861" classname="com.focus.testcases.FocusSanityTest"/>
  <testcase name="checkStockMovementReportWithFilterOption" time="23.837" classname="com.focus.testcases.FocusSanityTest"/>
  <testcase name="checkAgeingByItemByBinsReports" time="12.538" classname="com.focus.testcases.FocusSanityTest"/>
  <testcase name="checkAgeingAnalysisByBatchReports" time="13.880" classname="com.focus.testcases.FocusSanityTest"/>
  <testcase name="checkBestSellingItemReport" time="7.229" classname="com.focus.testcases.FocusSanityTest"/>
  <testcase name="checkAgeingStockByBinsReports" time="6.615" classname="com.focus.testcases.FocusSanityTest">
    <error type="org.openqa.selenium.ElementClickInterceptedException" message="element click intercepted: Element &lt;input type=&quot;checkbox&quot; name=&quot;chkRowCheck&quot; class=&quot;chkRowCheck&quot; rowid=&quot;False&quot; onclick=&quot;GetRowDataOfGrid(3,this,7)&quot; style=&quot;?&quot; transform=&quot;&quot; rotate(0deg)=&quot;&quot; scalex(-1);&quot;:&quot;&quot;)&quot;=&quot;&quot;&gt; is not clickable at point (164, 417). Other element would receive the click: &lt;footer class=&quot;main-footer&quot; style=&quot;width: 679.156px;&quot;&gt;...&lt;/footer&gt;
  (Session info: chrome=86.0.4240.183)
Build info: version: &#039;3.12.0&#039;, revision: &#039;7c6e0b3&#039;, time: &#039;2018-05-08T14:04:26.12Z&#039;
System info: host: &#039;FOCUS-QA-4&#039;, ip: &#039;192.168.4.54&#039;, os.name: &#039;Windows 10&#039;, os.arch: &#039;amd64&#039;, os.version: &#039;10.0&#039;, java.version: &#039;1.8.0_111&#039;
Driver info: org.openqa.selenium.chrome.ChromeDriver
Capabilities {acceptInsecureCerts: false, browserName: chrome, browserVersion: 86.0.4240.183, chrome: {chromedriverVersion: 85.0.4183.83 (94abc2237ae0c..., userDataDir: C:\Users\D.n\AppData\Local\...}, goog:chromeOptions: {debuggerAddress: localhost:62569}, javascriptEnabled: true, networkConnectionEnabled: false, pageLoadStrategy: normal, platform: WINDOWS, platformName: WINDOWS, proxy: Proxy(), setWindowRect: true, strictFileInteractability: false, timeouts: {implicit: 0, pageLoad: 300000, script: 30000}, unhandledPromptBehavior: dismiss and notify, webauthn:virtualAuthenticators: true}
Session ID: 937b362ce773d083382a9d74d85c54c1">
      <![CDATA[org.openqa.selenium.ElementClickInterceptedException: element click intercepted: Element <input type="checkbox" name="chkRowCheck" class="chkRowCheck" rowid="False" onclick="GetRowDataOfGrid(3,this,7)" style="?" transform="" rotate(0deg)="" scalex(-1);":"")"=""> is not clickable at point (164, 417). Other element would receive the click: <footer class="main-footer" style="width: 679.156px;">...</footer>
  (Session info: chrome=86.0.4240.183)
Build info: version: '3.12.0', revision: '7c6e0b3', time: '2018-05-08T14:04:26.12Z'
System info: host: 'FOCUS-QA-4', ip: '192.168.4.54', os.name: 'Windows 10', os.arch: 'amd64', os.version: '10.0', java.version: '1.8.0_111'
Driver info: org.openqa.selenium.chrome.ChromeDriver
Capabilities {acceptInsecureCerts: false, browserName: chrome, browserVersion: 86.0.4240.183, chrome: {chromedriverVersion: 85.0.4183.83 (94abc2237ae0c..., userDataDir: C:\Users\D.n\AppData\Local\...}, goog:chromeOptions: {debuggerAddress: localhost:62569}, javascriptEnabled: true, networkConnectionEnabled: false, pageLoadStrategy: normal, platform: WINDOWS, platformName: WINDOWS, proxy: Proxy(), setWindowRect: true, strictFileInteractability: false, timeouts: {implicit: 0, pageLoad: 300000, script: 30000}, unhandledPromptBehavior: dismiss and notify, webauthn:virtualAuthenticators: true}
Session ID: 937b362ce773d083382a9d74d85c54c1
	at sun.reflect.NativeConstructorAccessorImpl.newInstance0(Native Method)
	at sun.reflect.NativeConstructorAccessorImpl.newInstance(Unknown Source)
	at sun.reflect.DelegatingConstructorAccessorImpl.newInstance(Unknown Source)
	at java.lang.reflect.Constructor.newInstance(Unknown Source)
	at org.openqa.selenium.remote.http.W3CHttpResponseCodec.createException(W3CHttpResponseCodec.java:187)
	at org.openqa.selenium.remote.http.W3CHttpResponseCodec.decode(W3CHttpResponseCodec.java:122)
	at org.openqa.selenium.remote.http.W3CHttpResponseCodec.decode(W3CHttpResponseCodec.java:49)
	at org.openqa.selenium.remote.HttpCommandExecutor.execute(HttpCommandExecutor.java:158)
	at org.openqa.selenium.remote.service.DriverCommandExecutor.execute(DriverCommandExecutor.java:83)
	at org.openqa.selenium.remote.RemoteWebDriver.execute(RemoteWebDriver.java:543)
	at org.openqa.selenium.remote.RemoteWebElement.execute(RemoteWebElement.java:276)
	at org.openqa.selenium.remote.RemoteWebElement.click(RemoteWebElement.java:83)
	at com.focus.Pages.FocusSanityPage.checkAgeingStockByBinsReports(FocusSanityPage.java:55212)
	at com.focus.testcases.FocusSanityTest.checkAgeingStockByBinsReports(FocusSanityTest.java:2343)
	at sun.reflect.NativeMethodAccessorImpl.invoke0(Native Method)
	at sun.reflect.NativeMethodAccessorImpl.invoke(Unknown Source)
	at sun.reflect.DelegatingMethodAccessorImpl.invoke(Unknown Source)
	at java.lang.reflect.Method.invoke(Unknown Source)
	at org.testng.internal.MethodInvocationHelper.invokeMethod(MethodInvocationHelper.java:86)
	at org.testng.internal.Invoker.invokeMethod(Invoker.java:643)
	at org.testng.internal.Invoker.invokeTestMethod(Invoker.java:820)
	at org.testng.internal.Invoker.invokeTestMethods(Invoker.java:1128)
	at org.testng.internal.TestMethodWorker.invokeTestMethods(TestMethodWorker.java:129)
	at org.testng.internal.TestMethodWorker.run(TestMethodWorker.java:112)
	at org.testng.TestRunner.privateRun(TestRunner.java:782)
	at org.testng.TestRunner.run(TestRunner.java:632)
	at org.testng.SuiteRunner.runTest(SuiteRunner.java:366)
	at org.testng.SuiteRunner.runSequentially(SuiteRunner.java:361)
	at org.testng.SuiteRunner.privateRun(SuiteRunner.java:319)
	at org.testng.SuiteRunner.run(SuiteRunner.java:268)
	at org.testng.SuiteRunnerWorker.runSuite(SuiteRunnerWorker.java:52)
	at org.testng.SuiteRunnerWorker.run(SuiteRunnerWorker.java:86)
	at org.testng.TestNG.runSuitesSequentially(TestNG.java:1244)
	at org.testng.TestNG.runSuitesLocally(TestNG.java:1169)
	at org.testng.TestNG.run(TestNG.java:1064)
	at org.testng.remote.AbstractRemoteTestNG.run(AbstractRemoteTestNG.java:114)
	at org.testng.remote.RemoteTestNG.initAndRun(RemoteTestNG.java:251)
	at org.testng.remote.RemoteTestNG.main(RemoteTestNG.java:77)
]]>
    </error>
  </testcase> <!-- checkAgeingStockByBinsReports -->
  <testcase name="checkStockAgeingAnalysisReports" time="11.594" classname="com.focus.testcases.FocusSanityTest"/>
  <testcase name="checkSlowMovingItemsReportWithFilterOption" time="14.555" classname="com.focus.testcases.FocusSanityTest"/>
  <testcase name="checkOpeningStockRegisterReportFilterOption" time="24.609" classname="com.focus.testcases.FocusSanityTest"/>
  <testcase name="checkStockStatementReportWithIncludeServiceTypeItem" time="6.762" classname="com.focus.testcases.FocusSanityTest"/>
  <testcase name="checkMultiLevelStockMovementReportFilterOption" time="17.475" classname="com.focus.testcases.FocusSanityTest">
    <failure type="java.lang.AssertionError" message="expected [true] but found [false]">
      <![CDATA[java.lang.AssertionError: expected [true] but found [false]
	at org.testng.Assert.fail(Assert.java:94)
	at org.testng.Assert.failNotEquals(Assert.java:513)
	at org.testng.Assert.assertEqualsImpl(Assert.java:135)
	at org.testng.Assert.assertEquals(Assert.java:116)
	at org.testng.Assert.assertEquals(Assert.java:305)
	at org.testng.Assert.assertEquals(Assert.java:315)
	at com.focus.testcases.FocusSanityTest.checkMultiLevelStockMovementReportFilterOption(FocusSanityTest.java:2016)
	at sun.reflect.NativeMethodAccessorImpl.invoke0(Native Method)
	at sun.reflect.NativeMethodAccessorImpl.invoke(Unknown Source)
	at sun.reflect.DelegatingMethodAccessorImpl.invoke(Unknown Source)
	at java.lang.reflect.Method.invoke(Unknown Source)
	at org.testng.internal.MethodInvocationHelper.invokeMethod(MethodInvocationHelper.java:86)
	at org.testng.internal.Invoker.invokeMethod(Invoker.java:643)
	at org.testng.internal.Invoker.invokeTestMethod(Invoker.java:820)
	at org.testng.internal.Invoker.invokeTestMethods(Invoker.java:1128)
	at org.testng.internal.TestMethodWorker.invokeTestMethods(TestMethodWorker.java:129)
	at org.testng.internal.TestMethodWorker.run(TestMethodWorker.java:112)
	at org.testng.TestRunner.privateRun(TestRunner.java:782)
	at org.testng.TestRunner.run(TestRunner.java:632)
	at org.testng.SuiteRunner.runTest(SuiteRunner.java:366)
	at org.testng.SuiteRunner.runSequentially(SuiteRunner.java:361)
	at org.testng.SuiteRunner.privateRun(SuiteRunner.java:319)
	at org.testng.SuiteRunner.run(SuiteRunner.java:268)
	at org.testng.SuiteRunnerWorker.runSuite(SuiteRunnerWorker.java:52)
	at org.testng.SuiteRunnerWorker.run(SuiteRunnerWorker.java:86)
	at org.testng.TestNG.runSuitesSequentially(TestNG.java:1244)
	at org.testng.TestNG.runSuitesLocally(TestNG.java:1169)
	at org.testng.TestNG.run(TestNG.java:1064)
	at org.testng.remote.AbstractRemoteTestNG.run(AbstractRemoteTestNG.java:114)
	at org.testng.remote.RemoteTestNG.initAndRun(RemoteTestNG.java:251)
	at org.testng.remote.RemoteTestNG.main(RemoteTestNG.java:77)
]]>
    </failure>
  </testcase> <!-- checkMultiLevelStockMovementReportFilterOption -->
  <testcase name="checkAgeingAnalysisByRMAReport" time="165.357" classname="com.focus.testcases.FocusSanityTest"/>
  <testcase name="checkExpiredStockByBinsReports" time="8.272" classname="com.focus.testcases.FocusSanityTest"/>
  <testcase name="checkStockAnalysisByBinReportWithFilterOption" time="42.779" classname="com.focus.testcases.FocusSanityTest"/>
  <testcase name="checkAgeingByItemByBinReportWithWarehouseAndIgnoreInternalTransferForAgeingOptions" time="7.762" classname="com.focus.testcases.FocusSanityTest"/>
  <testcase name="checkStockAnalysisByBatchReport" time="7.663" classname="com.focus.testcases.FocusSanityTest"/>
  <testcase name="checkStockValuationReports" time="8.208" classname="com.focus.testcases.FocusSanityTest"/>
  <testcase name="checkFastMovingItemsReport" time="9.582" classname="com.focus.testcases.FocusSanityTest"/>
  <testcase name="checkStockBalancesByItemByBinsReportPrintOption" time="7.847" classname="com.focus.testcases.FocusSanityTest"/>
  <testcase name="checkActualConsumptionReport" time="12.149" classname="com.focus.testcases.FocusSanityTest"/>
</testsuite> <!-- com.focus.testcases.FocusSanityTest -->
