<?xml version="1.0" encoding="UTF-8"?>
<!-- Generated by org.testng.reporters.JUnitReportReporter -->
<testsuite hostname="Focus-QA-4" name="com.focus.testcases.SmokePricebookTest" tests="21" failures="2" timestamp="31 Oct 2020 09:45:02 GMT" time="394.811" errors="0">
  <testcase name="checkUpdateBuyerPriceBook" time="20.867" classname="com.focus.testcases.SmokePricebookTest"/>
  <testcase name="checkClickOnSellerPriceBook" time="13.698" classname="com.focus.testcases.SmokePricebookTest"/>
  <testcase name="checkSellerPriceBookCustomizeColumnsInGrid" time="32.786" classname="com.focus.testcases.SmokePricebookTest">
    <failure type="java.lang.AssertionError" message="expected [true] but found [false]">
      <![CDATA[java.lang.AssertionError: expected [true] but found [false]
	at org.testng.Assert.fail(Assert.java:94)
	at org.testng.Assert.failNotEquals(Assert.java:513)
	at org.testng.Assert.assertEqualsImpl(Assert.java:135)
	at org.testng.Assert.assertEquals(Assert.java:116)
	at org.testng.Assert.assertEquals(Assert.java:305)
	at org.testng.Assert.assertEquals(Assert.java:315)
	at com.focus.testcases.SmokePricebookTest.checkSellerPriceBookCustomizeColumnsInGrid(SmokePricebookTest.java:122)
	at sun.reflect.NativeMethodAccessorImpl.invoke0(Native Method)
	at sun.reflect.NativeMethodAccessorImpl.invoke(Unknown Source)
	at sun.reflect.DelegatingMethodAccessorImpl.invoke(Unknown Source)
	at java.lang.reflect.Method.invoke(Unknown Source)
	at org.testng.internal.MethodInvocationHelper.invokeMethod(MethodInvocationHelper.java:86)
	at org.testng.internal.Invoker.invokeMethod(Invoker.java:643)
	at org.testng.internal.Invoker.invokeTestMethod(Invoker.java:820)
	at org.testng.internal.Invoker.invokeTestMethods(Invoker.java:1128)
	at org.testng.internal.TestMethodWorker.invokeTestMethods(TestMethodWorker.java:129)
	at org.testng.internal.TestMethodWorker.run(TestMethodWorker.java:112)
	at org.testng.TestRunner.privateRun(TestRunner.java:782)
	at org.testng.TestRunner.run(TestRunner.java:632)
	at org.testng.SuiteRunner.runTest(SuiteRunner.java:366)
	at org.testng.SuiteRunner.runSequentially(SuiteRunner.java:361)
	at org.testng.SuiteRunner.privateRun(SuiteRunner.java:319)
	at org.testng.SuiteRunner.run(SuiteRunner.java:268)
	at org.testng.SuiteRunnerWorker.runSuite(SuiteRunnerWorker.java:52)
	at org.testng.SuiteRunnerWorker.run(SuiteRunnerWorker.java:86)
	at org.testng.TestNG.runSuitesSequentially(TestNG.java:1244)
	at org.testng.TestNG.runSuitesLocally(TestNG.java:1169)
	at org.testng.TestNG.run(TestNG.java:1064)
	at org.testng.remote.AbstractRemoteTestNG.run(AbstractRemoteTestNG.java:114)
	at org.testng.remote.RemoteTestNG.initAndRun(RemoteTestNG.java:251)
	at org.testng.remote.RemoteTestNG.main(RemoteTestNG.java:77)
]]>
    </failure>
  </testcase> <!-- checkSellerPriceBookCustomizeColumnsInGrid -->
  <testcase name="checkSaveBuyerPriceBook" time="14.190" classname="com.focus.testcases.SmokePricebookTest"/>
  <testcase name="checkClickOnYesOptionInDeleteSavedCopyAndPaste" time="4.478" classname="com.focus.testcases.SmokePricebookTest"/>
  <testcase name="checkClickOnBuyerPriceBook" time="10.171" classname="com.focus.testcases.SmokePricebookTest"/>
  <testcase name="checkClickOnCloseButtonInSellingRates" time="7.288" classname="com.focus.testcases.SmokePricebookTest"/>
  <testcase name="checkEditSellerPriceBook" time="18.515" classname="com.focus.testcases.SmokePricebookTest"/>
  <testcase name="checkSaveOptionSellerPriceBook" time="45.083" classname="com.focus.testcases.SmokePricebookTest"/>
  <testcase name="checkSaveSellerPriceBook" time="18.650" classname="com.focus.testcases.SmokePricebookTest"/>
  <testcase name="checkClickOnCloseButtonInBuyingRates" time="4.476" classname="com.focus.testcases.SmokePricebookTest"/>
  <testcase name="checkSignToCheckPricebookMastersPage" time="23.107" classname="com.focus.testcases.SmokePricebookTest"/>
  <testcase name="checkUpdateSellerPricebookInEditPricebook" time="26.066" classname="com.focus.testcases.SmokePricebookTest"/>
  <testcase name="checkUpdatePricebookInEditPricebook" time="20.252" classname="com.focus.testcases.SmokePricebookTest"/>
  <testcase name="checkClickOnYesOptionInDeleteSavedCopyAndPasteInSellerPriceBookPage" time="3.743" classname="com.focus.testcases.SmokePricebookTest"/>
  <testcase name="checkCustomizeColumnsInGrid" time="28.298" classname="com.focus.testcases.SmokePricebookTest">
    <failure type="java.lang.AssertionError" message="expected [true] but found [false]">
      <![CDATA[java.lang.AssertionError: expected [true] but found [false]
	at org.testng.Assert.fail(Assert.java:94)
	at org.testng.Assert.failNotEquals(Assert.java:513)
	at org.testng.Assert.assertEqualsImpl(Assert.java:135)
	at org.testng.Assert.assertEquals(Assert.java:116)
	at org.testng.Assert.assertEquals(Assert.java:305)
	at org.testng.Assert.assertEquals(Assert.java:315)
	at com.focus.testcases.SmokePricebookTest.checkCustomizeColumnsInGrid(SmokePricebookTest.java:47)
	at sun.reflect.NativeMethodAccessorImpl.invoke0(Native Method)
	at sun.reflect.NativeMethodAccessorImpl.invoke(Unknown Source)
	at sun.reflect.DelegatingMethodAccessorImpl.invoke(Unknown Source)
	at java.lang.reflect.Method.invoke(Unknown Source)
	at org.testng.internal.MethodInvocationHelper.invokeMethod(MethodInvocationHelper.java:86)
	at org.testng.internal.Invoker.invokeMethod(Invoker.java:643)
	at org.testng.internal.Invoker.invokeTestMethod(Invoker.java:820)
	at org.testng.internal.Invoker.invokeTestMethods(Invoker.java:1128)
	at org.testng.internal.TestMethodWorker.invokeTestMethods(TestMethodWorker.java:129)
	at org.testng.internal.TestMethodWorker.run(TestMethodWorker.java:112)
	at org.testng.TestRunner.privateRun(TestRunner.java:782)
	at org.testng.TestRunner.run(TestRunner.java:632)
	at org.testng.SuiteRunner.runTest(SuiteRunner.java:366)
	at org.testng.SuiteRunner.runSequentially(SuiteRunner.java:361)
	at org.testng.SuiteRunner.privateRun(SuiteRunner.java:319)
	at org.testng.SuiteRunner.run(SuiteRunner.java:268)
	at org.testng.SuiteRunnerWorker.runSuite(SuiteRunnerWorker.java:52)
	at org.testng.SuiteRunnerWorker.run(SuiteRunnerWorker.java:86)
	at org.testng.TestNG.runSuitesSequentially(TestNG.java:1244)
	at org.testng.TestNG.runSuitesLocally(TestNG.java:1169)
	at org.testng.TestNG.run(TestNG.java:1064)
	at org.testng.remote.AbstractRemoteTestNG.run(AbstractRemoteTestNG.java:114)
	at org.testng.remote.RemoteTestNG.initAndRun(RemoteTestNG.java:251)
	at org.testng.remote.RemoteTestNG.main(RemoteTestNG.java:77)
]]>
    </failure>
  </testcase> <!-- checkCustomizeColumnsInGrid -->
  <testcase name="checkClickOnCustomizationSettingsOptionInSellerPriceBook" time="6.629" classname="com.focus.testcases.SmokePricebookTest"/>
  <testcase name="checkUpdateSellerPriceBook" time="30.144" classname="com.focus.testcases.SmokePricebookTest"/>
  <testcase name="checkSaveOptionBuyerPriceBook" time="43.058" classname="com.focus.testcases.SmokePricebookTest"/>
  <testcase name="checkClickOnCustomizationSettingsOptionInBuyerPriceBook" time="8.703" classname="com.focus.testcases.SmokePricebookTest"/>
  <testcase name="checkEditBuyerPriceBook" time="14.609" classname="com.focus.testcases.SmokePricebookTest"/>
</testsuite> <!-- com.focus.testcases.SmokePricebookTest -->
