<?xml version="1.0" encoding="UTF-8"?>
<!-- Generated by org.testng.reporters.JUnitReportReporter -->
<testsuite hostname="Focus-QA-4" name="com.focus.testcases.OpeningBalanceTest" tests="43" failures="4" timestamp="21 Oct 2020 15:19:33 GMT" time="641.964" errors="0">
  <testcase name="checkOpeningBalanceVoucherCloseButtonInHomePage" time="14.896" classname="com.focus.testcases.OpeningBalanceTest"/>
  <testcase name="checkCurrencyInOpeningBalanceVoucher" time="6.480" classname="com.focus.testcases.OpeningBalanceTest"/>
  <testcase name="checkOpeningBalanceVoucherEditPreviousToDeleteRowBin" time="5.742" classname="com.focus.testcases.OpeningBalanceTest"/>
  <testcase name="checkSavingVoucherWithCustomerACurrencyINRDepartmentINDIALessThanAccountinDate" time="45.082" classname="com.focus.testcases.OpeningBalanceTest"/>
  <testcase name="checkDeleteOptionFromEntryPageinOpeningBalance" time="5.730" classname="com.focus.testcases.OpeningBalanceTest">
    <failure type="java.lang.AssertionError" message="expected [true] but found [false]">
      <![CDATA[java.lang.AssertionError: expected [true] but found [false]
	at org.testng.Assert.fail(Assert.java:94)
	at org.testng.Assert.failNotEquals(Assert.java:513)
	at org.testng.Assert.assertEqualsImpl(Assert.java:135)
	at org.testng.Assert.assertEquals(Assert.java:116)
	at org.testng.Assert.assertEquals(Assert.java:305)
	at org.testng.Assert.assertEquals(Assert.java:315)
	at com.focus.testcases.OpeningBalanceTest.checkDeleteOptionFromEntryPageinOpeningBalance(OpeningBalanceTest.java:235)
	at sun.reflect.NativeMethodAccessorImpl.invoke0(Native Method)
	at sun.reflect.NativeMethodAccessorImpl.invoke(Unknown Source)
	at sun.reflect.DelegatingMethodAccessorImpl.invoke(Unknown Source)
	at java.lang.reflect.Method.invoke(Unknown Source)
	at org.testng.internal.MethodInvocationHelper.invokeMethod(MethodInvocationHelper.java:86)
	at org.testng.internal.Invoker.invokeMethod(Invoker.java:643)
	at org.testng.internal.Invoker.invokeTestMethod(Invoker.java:820)
	at org.testng.internal.Invoker.invokeTestMethods(Invoker.java:1128)
	at org.testng.internal.TestMethodWorker.invokeTestMethods(TestMethodWorker.java:129)
	at org.testng.internal.TestMethodWorker.run(TestMethodWorker.java:112)
	at org.testng.TestRunner.privateRun(TestRunner.java:782)
	at org.testng.TestRunner.run(TestRunner.java:632)
	at org.testng.SuiteRunner.runTest(SuiteRunner.java:366)
	at org.testng.SuiteRunner.runSequentially(SuiteRunner.java:361)
	at org.testng.SuiteRunner.privateRun(SuiteRunner.java:319)
	at org.testng.SuiteRunner.run(SuiteRunner.java:268)
	at org.testng.SuiteRunnerWorker.runSuite(SuiteRunnerWorker.java:52)
	at org.testng.SuiteRunnerWorker.run(SuiteRunnerWorker.java:86)
	at org.testng.TestNG.runSuitesSequentially(TestNG.java:1244)
	at org.testng.TestNG.runSuitesLocally(TestNG.java:1169)
	at org.testng.TestNG.run(TestNG.java:1064)
	at org.testng.remote.AbstractRemoteTestNG.run(AbstractRemoteTestNG.java:114)
	at org.testng.remote.RemoteTestNG.initAndRun(RemoteTestNG.java:251)
	at org.testng.remote.RemoteTestNG.main(RemoteTestNG.java:77)
]]>
    </failure>
  </testcase> <!-- checkDeleteOptionFromEntryPageinOpeningBalance -->
  <testcase name="checkOpeningBalanceVoucherHomePageNewOptionOnClickDisplayEntryPage" time="5.790" classname="com.focus.testcases.OpeningBalanceTest"/>
  <testcase name="checkDeleteExtraFieldFromHomePageBodyHeader" time="8.515" classname="com.focus.testcases.OpeningBalanceTest"/>
  <testcase name="checkExchangeRateAndLocalExchangeRateWithCurrencyINRInOpeningBalance" time="5.651" classname="com.focus.testcases.OpeningBalanceTest"/>
  <testcase name="checkPreviousButtonInOpeningBalanceSavedVoucher" time="24.886" classname="com.focus.testcases.OpeningBalanceTest"/>
  <testcase name="checkOpeningBalanceVoucherCustomizationOption" time="11.473" classname="com.focus.testcases.OpeningBalanceTest"/>
  <testcase name="checkEditCreateViewOfHomePageOfOpeningBalance" time="28.545" classname="com.focus.testcases.OpeningBalanceTest"/>
  <testcase name="checkOpeningBalanceVoucherEntryPageBodyFields" time="3.714" classname="com.focus.testcases.OpeningBalanceTest"/>
  <testcase name="checkOpeningBalanceCustomizeLeftPannelElementsDisplayed" time="4.321" classname="com.focus.testcases.OpeningBalanceTest"/>
  <testcase name="checkCustomizationOptionInOpeningBalance" time="14.694" classname="com.focus.testcases.OpeningBalanceTest"/>
  <testcase name="checkOpeningBalanceVoucherEntryPageRibbonControl" time="3.940" classname="com.focus.testcases.OpeningBalanceTest"/>
  <testcase name="checkOpeningBalanceVoucherEntryPageHeaderFields" time="6.100" classname="com.focus.testcases.OpeningBalanceTest"/>
  <testcase name="checkExchangeRateWithCurrencyAEDInOpeningBalance" time="3.551" classname="com.focus.testcases.OpeningBalanceTest"/>
  <testcase name="checkExchangeRateAndLocalExchangeReateWithCurrencyAEDInOpeningBalance" time="12.774" classname="com.focus.testcases.OpeningBalanceTest"/>
  <testcase name="checkDeleteCreateViewOfHomePageOfOpeningBalance" time="13.108" classname="com.focus.testcases.OpeningBalanceTest"/>
  <testcase name="checkOpeningBalanceFirstRowCheckboxInCopyDocumentInOpeningBalance" time="41.991" classname="com.focus.testcases.OpeningBalanceTest">
    <failure type="java.lang.AssertionError" message="expected [true] but found [false]">
      <![CDATA[java.lang.AssertionError: expected [true] but found [false]
	at org.testng.Assert.fail(Assert.java:94)
	at org.testng.Assert.failNotEquals(Assert.java:513)
	at org.testng.Assert.assertEqualsImpl(Assert.java:135)
	at org.testng.Assert.assertEquals(Assert.java:116)
	at org.testng.Assert.assertEquals(Assert.java:305)
	at org.testng.Assert.assertEquals(Assert.java:315)
	at com.focus.testcases.OpeningBalanceTest.checkOpeningBalanceFirstRowCheckboxInCopyDocumentInOpeningBalance(OpeningBalanceTest.java:256)
	at sun.reflect.NativeMethodAccessorImpl.invoke0(Native Method)
	at sun.reflect.NativeMethodAccessorImpl.invoke(Unknown Source)
	at sun.reflect.DelegatingMethodAccessorImpl.invoke(Unknown Source)
	at java.lang.reflect.Method.invoke(Unknown Source)
	at org.testng.internal.MethodInvocationHelper.invokeMethod(MethodInvocationHelper.java:86)
	at org.testng.internal.Invoker.invokeMethod(Invoker.java:643)
	at org.testng.internal.Invoker.invokeTestMethod(Invoker.java:820)
	at org.testng.internal.Invoker.invokeTestMethods(Invoker.java:1128)
	at org.testng.internal.TestMethodWorker.invokeTestMethods(TestMethodWorker.java:129)
	at org.testng.internal.TestMethodWorker.run(TestMethodWorker.java:112)
	at org.testng.TestRunner.privateRun(TestRunner.java:782)
	at org.testng.TestRunner.run(TestRunner.java:632)
	at org.testng.SuiteRunner.runTest(SuiteRunner.java:366)
	at org.testng.SuiteRunner.runSequentially(SuiteRunner.java:361)
	at org.testng.SuiteRunner.privateRun(SuiteRunner.java:319)
	at org.testng.SuiteRunner.run(SuiteRunner.java:268)
	at org.testng.SuiteRunnerWorker.runSuite(SuiteRunnerWorker.java:52)
	at org.testng.SuiteRunnerWorker.run(SuiteRunnerWorker.java:86)
	at org.testng.TestNG.runSuitesSequentially(TestNG.java:1244)
	at org.testng.TestNG.runSuitesLocally(TestNG.java:1169)
	at org.testng.TestNG.run(TestNG.java:1064)
	at org.testng.remote.AbstractRemoteTestNG.run(AbstractRemoteTestNG.java:114)
	at org.testng.remote.RemoteTestNG.initAndRun(RemoteTestNG.java:251)
	at org.testng.remote.RemoteTestNG.main(RemoteTestNG.java:77)
]]>
    </failure>
  </testcase> <!-- checkOpeningBalanceFirstRowCheckboxInCopyDocumentInOpeningBalance -->
  <testcase name="checkExchangeRateAndLocalExchangeReateWithCurrencyUSDInOpeningBalance" time="5.204" classname="com.focus.testcases.OpeningBalanceTest"/>
  <testcase name="checkHidingFieldCustomization" time="21.569" classname="com.focus.testcases.OpeningBalanceTest"/>
  <testcase name="checkOpeningBalanceVoucherEntryPageFooterFields" time="5.865" classname="com.focus.testcases.OpeningBalanceTest"/>
  <testcase name="checkOpeningBalanceVoucherEditPreviousUpdateRowAndSave" time="35.466" classname="com.focus.testcases.OpeningBalanceTest"/>
  <testcase name="checkOpeningBalanceVoucherDocumentNumber" time="9.089" classname="com.focus.testcases.OpeningBalanceTest"/>
  <testcase name="checkSavingOpeningBalanceVoucherAfterCopyDocument" time="25.484" classname="com.focus.testcases.OpeningBalanceTest"/>
  <testcase name="checkTransactionsMenuInFinanceMenu" time="4.863" classname="com.focus.testcases.OpeningBalanceTest"/>
  <testcase name="checkCopyandPasteToClipboardInOpeningBalance" time="87.181" classname="com.focus.testcases.OpeningBalanceTest">
    <failure type="java.lang.AssertionError" message="expected [true] but found [false]">
      <![CDATA[java.lang.AssertionError: expected [true] but found [false]
	at org.testng.Assert.fail(Assert.java:94)
	at org.testng.Assert.failNotEquals(Assert.java:513)
	at org.testng.Assert.assertEqualsImpl(Assert.java:135)
	at org.testng.Assert.assertEquals(Assert.java:116)
	at org.testng.Assert.assertEquals(Assert.java:305)
	at org.testng.Assert.assertEquals(Assert.java:315)
	at com.focus.testcases.OpeningBalanceTest.checkCopyandPasteToClipboardInOpeningBalance(OpeningBalanceTest.java:220)
	at sun.reflect.NativeMethodAccessorImpl.invoke0(Native Method)
	at sun.reflect.NativeMethodAccessorImpl.invoke(Unknown Source)
	at sun.reflect.DelegatingMethodAccessorImpl.invoke(Unknown Source)
	at java.lang.reflect.Method.invoke(Unknown Source)
	at org.testng.internal.MethodInvocationHelper.invokeMethod(MethodInvocationHelper.java:86)
	at org.testng.internal.Invoker.invokeMethod(Invoker.java:643)
	at org.testng.internal.Invoker.invokeTestMethod(Invoker.java:820)
	at org.testng.internal.Invoker.invokeTestMethods(Invoker.java:1128)
	at org.testng.internal.TestMethodWorker.invokeTestMethods(TestMethodWorker.java:129)
	at org.testng.internal.TestMethodWorker.run(TestMethodWorker.java:112)
	at org.testng.TestRunner.privateRun(TestRunner.java:782)
	at org.testng.TestRunner.run(TestRunner.java:632)
	at org.testng.SuiteRunner.runTest(SuiteRunner.java:366)
	at org.testng.SuiteRunner.runSequentially(SuiteRunner.java:361)
	at org.testng.SuiteRunner.privateRun(SuiteRunner.java:319)
	at org.testng.SuiteRunner.run(SuiteRunner.java:268)
	at org.testng.SuiteRunnerWorker.runSuite(SuiteRunnerWorker.java:52)
	at org.testng.SuiteRunnerWorker.run(SuiteRunnerWorker.java:86)
	at org.testng.TestNG.runSuitesSequentially(TestNG.java:1244)
	at org.testng.TestNG.runSuitesLocally(TestNG.java:1169)
	at org.testng.TestNG.run(TestNG.java:1064)
	at org.testng.remote.AbstractRemoteTestNG.run(AbstractRemoteTestNG.java:114)
	at org.testng.remote.RemoteTestNG.initAndRun(RemoteTestNG.java:251)
	at org.testng.remote.RemoteTestNG.main(RemoteTestNG.java:77)
]]>
    </failure>
  </testcase> <!-- checkCopyandPasteToClipboardInOpeningBalance -->
  <testcase name="checkFinancialsMenuTransactionsMenuJournalsMenu" time="6.327" classname="com.focus.testcases.OpeningBalanceTest"/>
  <testcase name="checkSavingOpeningBalanceVoucherAfterCopyToClipBoard" time="25.153" classname="com.focus.testcases.OpeningBalanceTest">
    <failure type="java.lang.AssertionError" message="expected [true] but found [false]">
      <![CDATA[java.lang.AssertionError: expected [true] but found [false]
	at org.testng.Assert.fail(Assert.java:94)
	at org.testng.Assert.failNotEquals(Assert.java:513)
	at org.testng.Assert.assertEqualsImpl(Assert.java:135)
	at org.testng.Assert.assertEquals(Assert.java:116)
	at org.testng.Assert.assertEquals(Assert.java:305)
	at org.testng.Assert.assertEquals(Assert.java:315)
	at com.focus.testcases.OpeningBalanceTest.checkSavingOpeningBalanceVoucherAfterCopyToClipBoard(OpeningBalanceTest.java:228)
	at sun.reflect.NativeMethodAccessorImpl.invoke0(Native Method)
	at sun.reflect.NativeMethodAccessorImpl.invoke(Unknown Source)
	at sun.reflect.DelegatingMethodAccessorImpl.invoke(Unknown Source)
	at java.lang.reflect.Method.invoke(Unknown Source)
	at org.testng.internal.MethodInvocationHelper.invokeMethod(MethodInvocationHelper.java:86)
	at org.testng.internal.Invoker.invokeMethod(Invoker.java:643)
	at org.testng.internal.Invoker.invokeTestMethod(Invoker.java:820)
	at org.testng.internal.Invoker.invokeTestMethods(Invoker.java:1128)
	at org.testng.internal.TestMethodWorker.invokeTestMethods(TestMethodWorker.java:129)
	at org.testng.internal.TestMethodWorker.run(TestMethodWorker.java:112)
	at org.testng.TestRunner.privateRun(TestRunner.java:782)
	at org.testng.TestRunner.run(TestRunner.java:632)
	at org.testng.SuiteRunner.runTest(SuiteRunner.java:366)
	at org.testng.SuiteRunner.runSequentially(SuiteRunner.java:361)
	at org.testng.SuiteRunner.privateRun(SuiteRunner.java:319)
	at org.testng.SuiteRunner.run(SuiteRunner.java:268)
	at org.testng.SuiteRunnerWorker.runSuite(SuiteRunnerWorker.java:52)
	at org.testng.SuiteRunnerWorker.run(SuiteRunnerWorker.java:86)
	at org.testng.TestNG.runSuitesSequentially(TestNG.java:1244)
	at org.testng.TestNG.runSuitesLocally(TestNG.java:1169)
	at org.testng.TestNG.run(TestNG.java:1064)
	at org.testng.remote.AbstractRemoteTestNG.run(AbstractRemoteTestNG.java:114)
	at org.testng.remote.RemoteTestNG.initAndRun(RemoteTestNG.java:251)
	at org.testng.remote.RemoteTestNG.main(RemoteTestNG.java:77)
]]>
    </failure>
  </testcase> <!-- checkSavingOpeningBalanceVoucherAfterCopyToClipBoard -->
  <testcase name="checkSaveInCreateViewOfHomePageOfOpeningBalance" time="7.148" classname="com.focus.testcases.OpeningBalanceTest"/>
  <testcase name="checkFinancialsMenu" time="15.263" classname="com.focus.testcases.OpeningBalanceTest"/>
  <testcase name="checkLoadingVoucherInformationFromCopyDocumentOnClickOnOkInOpeningBalance" time="26.035" classname="com.focus.testcases.OpeningBalanceTest"/>
  <testcase name="checksuspendedOptionInOpeningBalance" time="10.747" classname="com.focus.testcases.OpeningBalanceTest"/>
  <testcase name="checkOpeningBalanceVoucherDisplayHomePage" time="15.319" classname="com.focus.testcases.OpeningBalanceTest"/>
  <testcase name="checkOpeningBalanceVoucherDateIsDisable" time="6.964" classname="com.focus.testcases.OpeningBalanceTest"/>
  <testcase name="checkOpeningBalanceEntryPageOptionsUnderToggleBtn" time="4.552" classname="com.focus.testcases.OpeningBalanceTest"/>
  <testcase name="checkOpeningBalanceNewCopyDocumentOption" time="3.461" classname="com.focus.testcases.OpeningBalanceTest"/>
  <testcase name="checkAddingExtraFieldInCustomization" time="18.779" classname="com.focus.testcases.OpeningBalanceTest"/>
  <testcase name="checkSignInDemoPopupPageOnClickDoNotShowAndCloseToDisplayMenusAndHomePage" time="24.752" classname="com.focus.testcases.OpeningBalanceTest"/>
  <testcase name="checkOpeningBalanceNewCopyDocumentScreenOptions" time="5.692" classname="com.focus.testcases.OpeningBalanceTest"/>
  <testcase name="checkOpeningBalanceVoucherSaveWithoutMandatoryFields" time="3.784" classname="com.focus.testcases.OpeningBalanceTest"/>
  <testcase name="checkCustomizeLeftPannelInnerFieldsInOpeningBalance" time="6.284" classname="com.focus.testcases.OpeningBalanceTest"/>
</testsuite> <!-- com.focus.testcases.OpeningBalanceTest -->
