<?xml version="1.0" encoding="UTF-8"?>
<!-- Generated by org.testng.reporters.JUnitReportReporter -->
<testsuite hostname="Focus-QA-4" name="com.focus.testcases.SmokeBudgetTest" tests="72" failures="0" timestamp="20 Nov 2020 06:41:05 GMT" time="915.727" errors="1">
  <testcase name="checkDescriptionAsMandatory" time="8.291" classname="com.focus.testcases.SmokeBudgetTest"/>
  <testcase name="checkConfirmBudget" time="6.521" classname="com.focus.testcases.SmokeBudgetTest"/>
  <testcase name="checkDisplayingMastersNameInListOfMasters" time="10.890" classname="com.focus.testcases.SmokeBudgetTest"/>
  <testcase name="checkFieldsTabBudgetFieldsOptions" time="39.518" classname="com.focus.testcases.SmokeBudgetTest">
    <error type="org.openqa.selenium.TimeoutException" message="Expected condition failed: waiting for element to be clickable: [[ChromeDriver: chrome on WINDOWS (a2d47810fe790cfe4f111fd0d34429d3)] -&gt; xpath: //span[contains(text(),&#039;Budget Plan&#039;)]] (tried for 30 second(s) with 3000 milliseconds interval)
Build info: version: &#039;3.12.0&#039;, revision: &#039;7c6e0b3&#039;, time: &#039;2018-05-08T14:04:26.12Z&#039;
System info: host: &#039;FOCUS-QA-4&#039;, ip: &#039;192.168.4.54&#039;, os.name: &#039;Windows 10&#039;, os.arch: &#039;amd64&#039;, os.version: &#039;10.0&#039;, java.version: &#039;1.8.0_111&#039;
Driver info: driver.version: unknown">
      <![CDATA[org.openqa.selenium.TimeoutException: Expected condition failed: waiting for element to be clickable: [[ChromeDriver: chrome on WINDOWS (a2d47810fe790cfe4f111fd0d34429d3)] -> xpath: //span[contains(text(),'Budget Plan')]] (tried for 30 second(s) with 3000 milliseconds interval)
Build info: version: '3.12.0', revision: '7c6e0b3', time: '2018-05-08T14:04:26.12Z'
System info: host: 'FOCUS-QA-4', ip: '192.168.4.54', os.name: 'Windows 10', os.arch: 'amd64', os.version: '10.0', java.version: '1.8.0_111'
Driver info: driver.version: unknown
	at org.openqa.selenium.support.ui.FluentWait.timeoutException(FluentWait.java:303)
	at org.openqa.selenium.support.ui.FluentWait.until(FluentWait.java:271)
	at com.focus.Pages.SmokeBudgetPage.checkFieldsTabBudgetFieldsOptions(SmokeBudgetPage.java:5906)
	at com.focus.testcases.SmokeBudgetTest.checkFieldsTabBudgetFieldsOptions(SmokeBudgetTest.java:428)
	at sun.reflect.NativeMethodAccessorImpl.invoke0(Native Method)
	at sun.reflect.NativeMethodAccessorImpl.invoke(Unknown Source)
	at sun.reflect.DelegatingMethodAccessorImpl.invoke(Unknown Source)
	at java.lang.reflect.Method.invoke(Unknown Source)
	at org.testng.internal.MethodInvocationHelper.invokeMethod(MethodInvocationHelper.java:86)
	at org.testng.internal.Invoker.invokeMethod(Invoker.java:643)
	at org.testng.internal.Invoker.invokeTestMethod(Invoker.java:820)
	at org.testng.internal.Invoker.invokeTestMethods(Invoker.java:1128)
	at org.testng.internal.TestMethodWorker.invokeTestMethods(TestMethodWorker.java:129)
	at org.testng.internal.TestMethodWorker.run(TestMethodWorker.java:112)
	at org.testng.TestRunner.privateRun(TestRunner.java:782)
	at org.testng.TestRunner.run(TestRunner.java:632)
	at org.testng.SuiteRunner.runTest(SuiteRunner.java:366)
	at org.testng.SuiteRunner.runSequentially(SuiteRunner.java:361)
	at org.testng.SuiteRunner.privateRun(SuiteRunner.java:319)
	at org.testng.SuiteRunner.run(SuiteRunner.java:268)
	at org.testng.SuiteRunnerWorker.runSuite(SuiteRunnerWorker.java:52)
	at org.testng.SuiteRunnerWorker.run(SuiteRunnerWorker.java:86)
	at org.testng.TestNG.runSuitesSequentially(TestNG.java:1244)
	at org.testng.TestNG.runSuitesLocally(TestNG.java:1169)
	at org.testng.TestNG.run(TestNG.java:1064)
	at org.testng.remote.AbstractRemoteTestNG.run(AbstractRemoteTestNG.java:114)
	at org.testng.remote.RemoteTestNG.initAndRun(RemoteTestNG.java:251)
	at org.testng.remote.RemoteTestNG.main(RemoteTestNG.java:77)
]]>
    </error>
  </testcase> <!-- checkFieldsTabBudgetFieldsOptions -->
  <testcase name="checkActiveCheckBox" time="5.672" classname="com.focus.testcases.SmokeBudgetTest"/>
  <testcase name="checkCloseButtonInBudgetAppend" time="4.162" classname="com.focus.testcases.SmokeBudgetTest"/>
  <testcase name="checkSaveEditPlanBudgetDefineBudget" time="45.412" classname="com.focus.testcases.SmokeBudgetTest"/>
  <testcase name="checkConfirmPlanBudgetAddOrReduceBudgetLoadingValues" time="6.715" classname="com.focus.testcases.SmokeBudgetTest"/>
  <testcase name="checkCreatedEmailInEmailHedaerTemplate" time="9.838" classname="com.focus.testcases.SmokeBudgetTest"/>
  <testcase name="checkAlertMessageOnDeleteAuthorization" time="33.136" classname="com.focus.testcases.SmokeBudgetTest"/>
  <testcase name="checkSaveToDeletePlanBudgetDefineBudget" time="29.438" classname="com.focus.testcases.SmokeBudgetTest"/>
  <testcase name="checkCancelButton" time="5.449" classname="com.focus.testcases.SmokeBudgetTest"/>
  <testcase name="checkExitOptionInLayout" time="6.115" classname="com.focus.testcases.SmokeBudgetTest"/>
  <testcase name="checkCloseButtonInConfirmBudget" time="4.118" classname="com.focus.testcases.SmokeBudgetTest"/>
  <testcase name="checkStartPoint" time="7.762" classname="com.focus.testcases.SmokeBudgetTest"/>
  <testcase name="checkOpenBudgetAuthorization" time="8.480" classname="com.focus.testcases.SmokeBudgetTest"/>
  <testcase name="checkSaveButtonWithCondition" time="4.102" classname="com.focus.testcases.SmokeBudgetTest"/>
  <testcase name="checkReviseBudgetDetails" time="6.646" classname="com.focus.testcases.SmokeBudgetTest"/>
  <testcase name="checkTransferBudgerFromOptionsValues" time="21.168" classname="com.focus.testcases.SmokeBudgetTest"/>
  <testcase name="checkUserSelectionIsManadatory" time="7.356" classname="com.focus.testcases.SmokeBudgetTest"/>
  <testcase name="checkAlertsTabOptions" time="6.945" classname="com.focus.testcases.SmokeBudgetTest"/>
  <testcase name="checkAlertsInWrapperLayoutAuthorizeUser" time="11.609" classname="com.focus.testcases.SmokeBudgetTest"/>
  <testcase name="checkOkInAlertDeleteOption" time="2.563" classname="com.focus.testcases.SmokeBudgetTest"/>
  <testcase name="checkConditionTabOptions" time="7.585" classname="com.focus.testcases.SmokeBudgetTest"/>
  <testcase name="checkSaveAuthorizationWithConditionAndAlerts" time="7.939" classname="com.focus.testcases.SmokeBudgetTest"/>
  <testcase name="checkSavingDefineBudgetAuthorization" time="9.535" classname="com.focus.testcases.SmokeBudgetTest"/>
  <testcase name="checkSaveWithoutName" time="5.420" classname="com.focus.testcases.SmokeBudgetTest"/>
  <testcase name="checkSaveWithAllMandatoryInputs" time="7.848" classname="com.focus.testcases.SmokeBudgetTest"/>
  <testcase name="checkCancelInAlertDeleteOption" time="4.990" classname="com.focus.testcases.SmokeBudgetTest"/>
  <testcase name="checkInputNameAndClickOnSaveWithoutAuthorizationSettings" time="8.754" classname="com.focus.testcases.SmokeBudgetTest"/>
  <testcase name="checkBudgetsMenu" time="4.963" classname="com.focus.testcases.SmokeBudgetTest"/>
  <testcase name="checSavedBudgetInfoThroughSplitOptionDefineBudget" time="51.484" classname="com.focus.testcases.SmokeBudgetTest"/>
  <testcase name="checkOkButtonOnSelectingUser" time="11.264" classname="com.focus.testcases.SmokeBudgetTest"/>
  <testcase name="checkConfirmBudgetValueIsDisplay" time="7.356" classname="com.focus.testcases.SmokeBudgetTest"/>
  <testcase name="checkConfirmPlanBudgetAddOrReduceBudgetUpdateValues" time="6.553" classname="com.focus.testcases.SmokeBudgetTest"/>
  <testcase name="checkPendingBudgetInAuthorizeUser" time="6.700" classname="com.focus.testcases.SmokeBudgetTest"/>
  <testcase name="checkSaveWithoutSelectionOfBudget" time="3.526" classname="com.focus.testcases.SmokeBudgetTest"/>
  <testcase name="checkAddReduceReviseBudget" time="2.831" classname="com.focus.testcases.SmokeBudgetTest"/>
  <testcase name="checkCloseButtonInBudgetTransfer" time="4.096" classname="com.focus.testcases.SmokeBudgetTest"/>
  <testcase name="checkUserSelectionTabOptions" time="6.572" classname="com.focus.testcases.SmokeBudgetTest"/>
  <testcase name="checkEditOnSelectAlertsTabOptions" time="9.729" classname="com.focus.testcases.SmokeBudgetTest"/>
  <testcase name="checkCloseButtonInReviseBudget" time="8.760" classname="com.focus.testcases.SmokeBudgetTest"/>
  <testcase name="checkUserDropdownOptions" time="3.134" classname="com.focus.testcases.SmokeBudgetTest"/>
  <testcase name="checkNonConfirmBudgetValueIsDisplay" time="6.710" classname="com.focus.testcases.SmokeBudgetTest"/>
  <testcase name="checkSelectingDefineBudgetinBudgetDropdown" time="6.066" classname="com.focus.testcases.SmokeBudgetTest"/>
  <testcase name="checkReviseMenuTransferBudgets" time="14.051" classname="com.focus.testcases.SmokeBudgetTest"/>
  <testcase name="checkSavedAlertTemplateInTemplate" time="28.065" classname="com.focus.testcases.SmokeBudgetTest"/>
  <testcase name="checkSaveConfirmPlanBudgetDefineBudget" time="31.423" classname="com.focus.testcases.SmokeBudgetTest"/>
  <testcase name="checkBudgetDropdownOptions" time="5.584" classname="com.focus.testcases.SmokeBudgetTest"/>
  <testcase name="checkSaveConfirmPlanBudgetAppendBudget" time="28.607" classname="com.focus.testcases.SmokeBudgetTest"/>
  <testcase name="checkEmailTemplateCompanyExpandInFieldsTabOptions" time="7.815" classname="com.focus.testcases.SmokeBudgetTest"/>
  <testcase name="checkSaveConfirmPlanBudgetAddOrReduce" time="12.002" classname="com.focus.testcases.SmokeBudgetTest"/>
  <testcase name="checkClearButton" time="4.090" classname="com.focus.testcases.SmokeBudgetTest"/>
  <testcase name="checkFieldsDragInHeaderOptions" time="117.871" classname="com.focus.testcases.SmokeBudgetTest"/>
  <testcase name="checkReviseAppendBudget" time="11.727" classname="com.focus.testcases.SmokeBudgetTest"/>
  <testcase name="checkCloseButtonInBudgetADDORREDUCEValue" time="4.141" classname="com.focus.testcases.SmokeBudgetTest"/>
  <testcase name="checkConditionAsMandatory" time="6.904" classname="com.focus.testcases.SmokeBudgetTest"/>
  <testcase name="checkSavedNameDisplayInNameTextBox" time="9.839" classname="com.focus.testcases.SmokeBudgetTest"/>
  <testcase name="checkCloseButtonInDefineBudget" time="4.250" classname="com.focus.testcases.SmokeBudgetTest"/>
  <testcase name="checkCancelButtonInDefinitionScreen" time="6.023" classname="com.focus.testcases.SmokeBudgetTest"/>
  <testcase name="checkFieldsTabMiscellaneousOptions" time="10.320" classname="com.focus.testcases.SmokeBudgetTest"/>
  <testcase name="checkAddToGridOptions" time="5.116" classname="com.focus.testcases.SmokeBudgetTest"/>
  <testcase name="checkSplitRowOneAndRowTwoInDefineBudget" time="53.971" classname="com.focus.testcases.SmokeBudgetTest"/>
  <testcase name="checkDesignAreaPrintScreen" time="6.089" classname="com.focus.testcases.SmokeBudgetTest"/>
  <testcase name="checkEditBudgetAuthorizationSettings" time="5.859" classname="com.focus.testcases.SmokeBudgetTest"/>
  <testcase name="checkViewOptionInReviseBudget" time="10.331" classname="com.focus.testcases.SmokeBudgetTest"/>
  <testcase name="checkDefineBudget" time="4.526" classname="com.focus.testcases.SmokeBudgetTest"/>
  <testcase name="checkEmailTemplateUserExpandInFieldsTabOptions" time="11.912" classname="com.focus.testcases.SmokeBudgetTest"/>
  <testcase name="checkClickOnAlertsInWrapperLayoutAuthorizeUser" time="7.715" classname="com.focus.testcases.SmokeBudgetTest"/>
  <testcase name="checkSavedEmailTemplateInEmailTemplate" time="7.247" classname="com.focus.testcases.SmokeBudgetTest"/>
  <testcase name="checkCloseButtonInAuthorizeBudget" time="4.090" classname="com.focus.testcases.SmokeBudgetTest"/>
  <testcase name="checkReviseADDOrREDUCEBudgetMenu" time="12.438" classname="com.focus.testcases.SmokeBudgetTest"/>
</testsuite> <!-- com.focus.testcases.SmokeBudgetTest -->
