<?xml version="1.0" encoding="UTF-8"?>
<!-- Generated by org.testng.reporters.JUnitReportReporter -->
<testsuite hostname="Focus-QA-4" name="com.focus.testcases.SmokeDCTest" tests="93" failures="2" timestamp="31 Oct 2020 11:13:52 GMT" time="1500.615" errors="4">
  <testcase name="checkFormualaBodyaddingFieldInMaterialReceiptNotes" time="2.895" classname="com.focus.testcases.SmokeDCTest"/>
  <testcase name="checkClickOnLoadFiledsOptionInEditScreenBodyTab" time="2.366" classname="com.focus.testcases.SmokeDCTest"/>
  <testcase name="checkApplybuttonintheCreationFieldwithinputingdata" time="3.820" classname="com.focus.testcases.SmokeDCTest"/>
  <testcase name="checkEditLayoutBodyLoadFieldInPaymentVoucher" time="16.239" classname="com.focus.testcases.SmokeDCTest"/>
  <testcase name="checkCreatingNewVoucherInPostDatedPaymets" time="42.117" classname="com.focus.testcases.SmokeDCTest"/>
  <testcase name="checkCreatingNewVoucherPurchaseVoucheVAT" time="49.929" classname="com.focus.testcases.SmokeDCTest"/>
  <testcase name="checkPurchaseReturnInDocumentCustomization" time="57.756" classname="com.focus.testcases.SmokeDCTest"/>
  <testcase name="CheckAddFieldInEditLayoutBodyOfReceiptsNewVoucher" time="41.596" classname="com.focus.testcases.SmokeDCTest">
    <error type="org.openqa.selenium.NoSuchElementException" message="no such element: Unable to locate element: {&quot;method&quot;:&quot;xpath&quot;,&quot;selector&quot;:&quot;//ul[@id=&#039;editScreen_FieldsCustomization_tabs&#039;]//li[5]&quot;}
  (Session info: chrome=86.0.4240.111)
For documentation on this error, please visit: http://seleniumhq.org/exceptions/no_such_element.html
Build info: version: &#039;3.12.0&#039;, revision: &#039;7c6e0b3&#039;, time: &#039;2018-05-08T14:04:26.12Z&#039;
System info: host: &#039;FOCUS-QA-4&#039;, ip: &#039;192.168.4.54&#039;, os.name: &#039;Windows 10&#039;, os.arch: &#039;amd64&#039;, os.version: &#039;10.0&#039;, java.version: &#039;1.8.0_111&#039;
Driver info: org.openqa.selenium.chrome.ChromeDriver
Capabilities {acceptInsecureCerts: false, browserName: chrome, browserVersion: 86.0.4240.111, chrome: {chromedriverVersion: 85.0.4183.83 (94abc2237ae0c..., userDataDir: C:\Users\D.n\AppData\Local\...}, goog:chromeOptions: {debuggerAddress: localhost:61582}, javascriptEnabled: true, networkConnectionEnabled: false, pageLoadStrategy: normal, platform: WINDOWS, platformName: WINDOWS, proxy: Proxy(), setWindowRect: true, strictFileInteractability: false, timeouts: {implicit: 0, pageLoad: 300000, script: 30000}, unhandledPromptBehavior: dismiss and notify, webauthn:virtualAuthenticators: true}
Session ID: 7c1f6d7ff0395e1a945406a52018eaee
*** Element info: {Using=xpath, value=//ul[@id=&#039;editScreen_FieldsCustomization_tabs&#039;]//li[5]}">
      <![CDATA[org.openqa.selenium.NoSuchElementException: no such element: Unable to locate element: {"method":"xpath","selector":"//ul[@id='editScreen_FieldsCustomization_tabs']//li[5]"}
  (Session info: chrome=86.0.4240.111)
For documentation on this error, please visit: http://seleniumhq.org/exceptions/no_such_element.html
Build info: version: '3.12.0', revision: '7c6e0b3', time: '2018-05-08T14:04:26.12Z'
System info: host: 'FOCUS-QA-4', ip: '192.168.4.54', os.name: 'Windows 10', os.arch: 'amd64', os.version: '10.0', java.version: '1.8.0_111'
Driver info: org.openqa.selenium.chrome.ChromeDriver
Capabilities {acceptInsecureCerts: false, browserName: chrome, browserVersion: 86.0.4240.111, chrome: {chromedriverVersion: 85.0.4183.83 (94abc2237ae0c..., userDataDir: C:\Users\D.n\AppData\Local\...}, goog:chromeOptions: {debuggerAddress: localhost:61582}, javascriptEnabled: true, networkConnectionEnabled: false, pageLoadStrategy: normal, platform: WINDOWS, platformName: WINDOWS, proxy: Proxy(), setWindowRect: true, strictFileInteractability: false, timeouts: {implicit: 0, pageLoad: 300000, script: 30000}, unhandledPromptBehavior: dismiss and notify, webauthn:virtualAuthenticators: true}
Session ID: 7c1f6d7ff0395e1a945406a52018eaee
*** Element info: {Using=xpath, value=//ul[@id='editScreen_FieldsCustomization_tabs']//li[5]}
	at sun.reflect.NativeConstructorAccessorImpl.newInstance0(Native Method)
	at sun.reflect.NativeConstructorAccessorImpl.newInstance(Unknown Source)
	at sun.reflect.DelegatingConstructorAccessorImpl.newInstance(Unknown Source)
	at java.lang.reflect.Constructor.newInstance(Unknown Source)
	at org.openqa.selenium.remote.http.W3CHttpResponseCodec.createException(W3CHttpResponseCodec.java:187)
	at org.openqa.selenium.remote.http.W3CHttpResponseCodec.decode(W3CHttpResponseCodec.java:122)
	at org.openqa.selenium.remote.http.W3CHttpResponseCodec.decode(W3CHttpResponseCodec.java:49)
	at org.openqa.selenium.remote.HttpCommandExecutor.execute(HttpCommandExecutor.java:158)
	at org.openqa.selenium.remote.service.DriverCommandExecutor.execute(DriverCommandExecutor.java:83)
	at org.openqa.selenium.remote.RemoteWebDriver.execute(RemoteWebDriver.java:543)
	at org.openqa.selenium.remote.RemoteWebDriver.findElement(RemoteWebDriver.java:317)
	at org.openqa.selenium.remote.RemoteWebDriver.findElementByXPath(RemoteWebDriver.java:419)
	at org.openqa.selenium.By$ByXPath.findElement(By.java:353)
	at org.openqa.selenium.remote.RemoteWebDriver.findElement(RemoteWebDriver.java:309)
	at org.openqa.selenium.support.pagefactory.DefaultElementLocator.findElement(DefaultElementLocator.java:69)
	at org.openqa.selenium.support.pagefactory.internal.LocatingElementHandler.invoke(LocatingElementHandler.java:38)
	at com.sun.proxy.$Proxy15.isDisplayed(Unknown Source)
	at com.focus.Pages.SmokeDCPage.CheckAddFieldInEditLayoutBodyOfReceiptsNewVoucher(SmokeDCPage.java:1410)
	at com.focus.testcases.SmokeDCTest.CheckAddFieldInEditLayoutBodyOfReceiptsNewVoucher(SmokeDCTest.java:160)
	at sun.reflect.NativeMethodAccessorImpl.invoke0(Native Method)
	at sun.reflect.NativeMethodAccessorImpl.invoke(Unknown Source)
	at sun.reflect.DelegatingMethodAccessorImpl.invoke(Unknown Source)
	at java.lang.reflect.Method.invoke(Unknown Source)
	at org.testng.internal.MethodInvocationHelper.invokeMethod(MethodInvocationHelper.java:86)
	at org.testng.internal.Invoker.invokeMethod(Invoker.java:643)
	at org.testng.internal.Invoker.invokeTestMethod(Invoker.java:820)
	at org.testng.internal.Invoker.invokeTestMethods(Invoker.java:1128)
	at org.testng.internal.TestMethodWorker.invokeTestMethods(TestMethodWorker.java:129)
	at org.testng.internal.TestMethodWorker.run(TestMethodWorker.java:112)
	at org.testng.TestRunner.privateRun(TestRunner.java:782)
	at org.testng.TestRunner.run(TestRunner.java:632)
	at org.testng.SuiteRunner.runTest(SuiteRunner.java:366)
	at org.testng.SuiteRunner.runSequentially(SuiteRunner.java:361)
	at org.testng.SuiteRunner.privateRun(SuiteRunner.java:319)
	at org.testng.SuiteRunner.run(SuiteRunner.java:268)
	at org.testng.SuiteRunnerWorker.runSuite(SuiteRunnerWorker.java:52)
	at org.testng.SuiteRunnerWorker.run(SuiteRunnerWorker.java:86)
	at org.testng.TestNG.runSuitesSequentially(TestNG.java:1244)
	at org.testng.TestNG.runSuitesLocally(TestNG.java:1169)
	at org.testng.TestNG.run(TestNG.java:1064)
	at org.testng.remote.AbstractRemoteTestNG.run(AbstractRemoteTestNG.java:114)
	at org.testng.remote.RemoteTestNG.initAndRun(RemoteTestNG.java:251)
	at org.testng.remote.RemoteTestNG.main(RemoteTestNG.java:77)
]]>
    </error>
  </testcase> <!-- CheckAddFieldInEditLayoutBodyOfReceiptsNewVoucher -->
  <testcase name="checkCreatingNewVoucherExcessInStock" time="78.420" classname="com.focus.testcases.SmokeDCTest"/>
  <testcase name="checkExternalModulesTabOptionsInEditLayoutHeader" time="3.441" classname="com.focus.testcases.SmokeDCTest"/>
  <testcase name="checkEditFieldOptionsInReceiptsNewVoucherEditLayoutBody" time="4.103" classname="com.focus.testcases.SmokeDCTest"/>
  <testcase name="checkCloseAndLogoutTheCompany" time="5.049" classname="com.focus.testcases.SmokeDCTest"/>
  <testcase name="checkBudgetOptionsEnableWithSearchOption" time="54.010" classname="com.focus.testcases.SmokeDCTest"/>
  <testcase name="checkCreatingNewVoucherCreditNotesVAT" time="40.379" classname="com.focus.testcases.SmokeDCTest"/>
  <testcase name="checkLoadMastersOptionInPaymentNewVoucher" time="16.959" classname="com.focus.testcases.SmokeDCTest"/>
  <testcase name="checkFooterTabEditScreenInPurchaseVoucher" time="2.454" classname="com.focus.testcases.SmokeDCTest"/>
  <testcase name="checkLoginCompanyWithValidCredentials" time="11.411" classname="com.focus.testcases.SmokeDCTest"/>
  <testcase name="checkJournalEnteries" time="21.821" classname="com.focus.testcases.SmokeDCTest"/>
  <testcase name="checkselectingPurchseVoucherFromLoadFieldsDropdownFooterTab" time="2.534" classname="com.focus.testcases.SmokeDCTest"/>
  <testcase name="checkDocumentsTabInReceipts" time="6.463" classname="com.focus.testcases.SmokeDCTest"/>
  <testcase name="checkCreatingNewVoucherjournalEntries" time="23.903" classname="com.focus.testcases.SmokeDCTest"/>
  <testcase name="checkPropertiesTabOptionsInEditLayoutHeader" time="3.363" classname="com.focus.testcases.SmokeDCTest"/>
  <testcase name="checkVouchersInLoadMastersOfPaymentNewVoucherType" time="10.327" classname="com.focus.testcases.SmokeDCTest">
    <failure type="java.lang.AssertionError" message="expected [true] but found [false]">
      <![CDATA[java.lang.AssertionError: expected [true] but found [false]
	at org.testng.Assert.fail(Assert.java:94)
	at org.testng.Assert.failNotEquals(Assert.java:513)
	at org.testng.Assert.assertEqualsImpl(Assert.java:135)
	at org.testng.Assert.assertEquals(Assert.java:116)
	at org.testng.Assert.assertEquals(Assert.java:305)
	at org.testng.Assert.assertEquals(Assert.java:315)
	at com.focus.testcases.SmokeDCTest.checkVouchersInLoadMastersOfPaymentNewVoucherType(SmokeDCTest.java:260)
	at sun.reflect.NativeMethodAccessorImpl.invoke0(Native Method)
	at sun.reflect.NativeMethodAccessorImpl.invoke(Unknown Source)
	at sun.reflect.DelegatingMethodAccessorImpl.invoke(Unknown Source)
	at java.lang.reflect.Method.invoke(Unknown Source)
	at org.testng.internal.MethodInvocationHelper.invokeMethod(MethodInvocationHelper.java:86)
	at org.testng.internal.Invoker.invokeMethod(Invoker.java:643)
	at org.testng.internal.Invoker.invokeTestMethod(Invoker.java:820)
	at org.testng.internal.Invoker.invokeTestMethods(Invoker.java:1128)
	at org.testng.internal.TestMethodWorker.invokeTestMethods(TestMethodWorker.java:129)
	at org.testng.internal.TestMethodWorker.run(TestMethodWorker.java:112)
	at org.testng.TestRunner.privateRun(TestRunner.java:782)
	at org.testng.TestRunner.run(TestRunner.java:632)
	at org.testng.SuiteRunner.runTest(SuiteRunner.java:366)
	at org.testng.SuiteRunner.runSequentially(SuiteRunner.java:361)
	at org.testng.SuiteRunner.privateRun(SuiteRunner.java:319)
	at org.testng.SuiteRunner.run(SuiteRunner.java:268)
	at org.testng.SuiteRunnerWorker.runSuite(SuiteRunnerWorker.java:52)
	at org.testng.SuiteRunnerWorker.run(SuiteRunnerWorker.java:86)
	at org.testng.TestNG.runSuitesSequentially(TestNG.java:1244)
	at org.testng.TestNG.runSuitesLocally(TestNG.java:1169)
	at org.testng.TestNG.run(TestNG.java:1064)
	at org.testng.remote.AbstractRemoteTestNG.run(AbstractRemoteTestNG.java:114)
	at org.testng.remote.RemoteTestNG.initAndRun(RemoteTestNG.java:251)
	at org.testng.remote.RemoteTestNG.main(RemoteTestNG.java:77)
]]>
    </failure>
  </testcase> <!-- checkVouchersInLoadMastersOfPaymentNewVoucherType -->
  <testcase name="checkEditLayoutInReceiptsNewVoucher" time="2.653" classname="com.focus.testcases.SmokeDCTest"/>
  <testcase name="checkFooterTabOptionsEditScreeninPurchaseVoucher" time="2.633" classname="com.focus.testcases.SmokeDCTest"/>
  <testcase name="checksUpdateButtoInPostDatedPaymentsNewVoucher" time="11.788" classname="com.focus.testcases.SmokeDCTest"/>
  <testcase name="checkDeleteFieldOptionsInReceiptsNewVoucherEditLayoutBody" time="4.075" classname="com.focus.testcases.SmokeDCTest"/>
  <testcase name="verifyDocumentCustomizationOptions" time="5.483" classname="com.focus.testcases.SmokeDCTest"/>
  <testcase name="checksUpdateButtonInPaymentsNewVoucher" time="4.952" classname="com.focus.testcases.SmokeDCTest"/>
  <testcase name="verifyDocumentCustomization" time="3.923" classname="com.focus.testcases.SmokeDCTest"/>
  <testcase name="checkopeningStocksVoucher" time="23.349" classname="com.focus.testcases.SmokeDCTest"/>
  <testcase name="checkSalesReturnInDocumentCustomization" time="33.914" classname="com.focus.testcases.SmokeDCTest"/>
  <testcase name="checkUpdatebuttonInEditScreenOfPurchaseVoucher" time="3.242" classname="com.focus.testcases.SmokeDCTest"/>
  <testcase name="checkFormattingTabOptionsInEditLayoutHeader" time="3.334" classname="com.focus.testcases.SmokeDCTest"/>
  <testcase name="checkRDBodyFieldInMaterialReceiptNotes" time="2.596" classname="com.focus.testcases.SmokeDCTest"/>
  <testcase name="checkFooterTabinEditScreenInMaterialReceiptsNotes" time="2.423" classname="com.focus.testcases.SmokeDCTest"/>
  <testcase name="checkRatePreloadValue" time="2.268" classname="com.focus.testcases.SmokeDCTest"/>
  <testcase name="checkBehaviourOptions" time="2.383" classname="com.focus.testcases.SmokeDCTest"/>
  <testcase name="checkLoadFieldOptionsInMaterialreceiptNotes" time="2.601" classname="com.focus.testcases.SmokeDCTest"/>
  <testcase name="checkLoadFieldsDropdownOptionsinFooterTab" time="2.511" classname="com.focus.testcases.SmokeDCTest"/>
  <testcase name="checkSavingFieldsinFooterTabEditScreeninPurchaseVoucher" time="4.214" classname="com.focus.testcases.SmokeDCTest"/>
  <testcase name="checkEditTheReceiptsNewVoucherByDeleteTagOptionInDocumentsTab" time="6.056" classname="com.focus.testcases.SmokeDCTest"/>
  <testcase name="checkEditScreenOptionsInPurchaseVoucher" time="4.506" classname="com.focus.testcases.SmokeDCTest"/>
  <testcase name="checkDocumentTagsInMaterialReceiptNotes" time="7.068" classname="com.focus.testcases.SmokeDCTest"/>
  <testcase name="checkDeleteoptionEditscreeninPurchasevoucher" time="5.432" classname="com.focus.testcases.SmokeDCTest"/>
  <testcase name="checkDeleteDocumentintheSalesInvoiceVoucher" time="35.548" classname="com.focus.testcases.SmokeDCTest"/>
  <testcase name="checkCreatingNewVoucherOpeningBalance" time="30.569" classname="com.focus.testcases.SmokeDCTest"/>
  <testcase name="checkCreatingNewVoucherInPostDatedRecepits" time="34.338" classname="com.focus.testcases.SmokeDCTest"/>
  <testcase name="checkSalesOrderVoucherInDocumentCustomization" time="23.979" classname="com.focus.testcases.SmokeDCTest"/>
  <testcase name="checkFieldDetailsTabOptionsEditLayoutHeader" time="2.756" classname="com.focus.testcases.SmokeDCTest"/>
  <testcase name="checkApplyButtonInEdtitLayoutBody" time="5.890" classname="com.focus.testcases.SmokeDCTest"/>
  <testcase name="checkEditingTagsMasterSalesOrders" time="37.288" classname="com.focus.testcases.SmokeDCTest"/>
  <testcase name="checkOpeningBalanceVoucher" time="33.981" classname="com.focus.testcases.SmokeDCTest"/>
  <testcase name="checkFooterTabApplybuttonintheCreationField" time="82.035" classname="com.focus.testcases.SmokeDCTest">
    <failure type="java.lang.AssertionError" message="expected [true] but found [false]">
      <![CDATA[java.lang.AssertionError: expected [true] but found [false]
	at org.testng.Assert.fail(Assert.java:94)
	at org.testng.Assert.failNotEquals(Assert.java:513)
	at org.testng.Assert.assertEqualsImpl(Assert.java:135)
	at org.testng.Assert.assertEquals(Assert.java:116)
	at org.testng.Assert.assertEquals(Assert.java:305)
	at org.testng.Assert.assertEquals(Assert.java:315)
	at com.focus.testcases.SmokeDCTest.checkFooterTabApplybuttonintheCreationField(SmokeDCTest.java:416)
	at sun.reflect.NativeMethodAccessorImpl.invoke0(Native Method)
	at sun.reflect.NativeMethodAccessorImpl.invoke(Unknown Source)
	at sun.reflect.DelegatingMethodAccessorImpl.invoke(Unknown Source)
	at java.lang.reflect.Method.invoke(Unknown Source)
	at org.testng.internal.MethodInvocationHelper.invokeMethod(MethodInvocationHelper.java:86)
	at org.testng.internal.Invoker.invokeMethod(Invoker.java:643)
	at org.testng.internal.Invoker.invokeTestMethod(Invoker.java:820)
	at org.testng.internal.Invoker.invokeTestMethods(Invoker.java:1128)
	at org.testng.internal.TestMethodWorker.invokeTestMethods(TestMethodWorker.java:129)
	at org.testng.internal.TestMethodWorker.run(TestMethodWorker.java:112)
	at org.testng.TestRunner.privateRun(TestRunner.java:782)
	at org.testng.TestRunner.run(TestRunner.java:632)
	at org.testng.SuiteRunner.runTest(SuiteRunner.java:366)
	at org.testng.SuiteRunner.runSequentially(SuiteRunner.java:361)
	at org.testng.SuiteRunner.privateRun(SuiteRunner.java:319)
	at org.testng.SuiteRunner.run(SuiteRunner.java:268)
	at org.testng.SuiteRunnerWorker.runSuite(SuiteRunnerWorker.java:52)
	at org.testng.SuiteRunnerWorker.run(SuiteRunnerWorker.java:86)
	at org.testng.TestNG.runSuitesSequentially(TestNG.java:1244)
	at org.testng.TestNG.runSuitesLocally(TestNG.java:1169)
	at org.testng.TestNG.run(TestNG.java:1064)
	at org.testng.remote.AbstractRemoteTestNG.run(AbstractRemoteTestNG.java:114)
	at org.testng.remote.RemoteTestNG.initAndRun(RemoteTestNG.java:251)
	at org.testng.remote.RemoteTestNG.main(RemoteTestNG.java:77)
]]>
    </failure>
  </testcase> <!-- checkFooterTabApplybuttonintheCreationField -->
  <testcase name="checkFooterTabAddbuttoninEditScreeninPurchaseVoucher" time="2.614" classname="com.focus.testcases.SmokeDCTest"/>
  <testcase name="checkEditLayoutHeaderLoadFieldInPaymentVoucher" time="14.651" classname="com.focus.testcases.SmokeDCTest"/>
  <testcase name="checkRulesTabOptionsInEditLayoutBody" time="21.112" classname="com.focus.testcases.SmokeDCTest">
    <error type="org.openqa.selenium.TimeoutException" message="Expected condition failed: waiting for element to be clickable: [[ChromeDriver: chrome on WINDOWS (7c1f6d7ff0395e1a945406a52018eaee)] -&gt; xpath: //input[@class=&#039;btn btn-link&#039;]] (tried for 20 second(s) with 1000 milliseconds interval)
Build info: version: &#039;3.12.0&#039;, revision: &#039;7c6e0b3&#039;, time: &#039;2018-05-08T14:04:26.12Z&#039;
System info: host: &#039;FOCUS-QA-4&#039;, ip: &#039;192.168.4.54&#039;, os.name: &#039;Windows 10&#039;, os.arch: &#039;amd64&#039;, os.version: &#039;10.0&#039;, java.version: &#039;1.8.0_111&#039;
Driver info: driver.version: unknown">
      <![CDATA[org.openqa.selenium.TimeoutException: Expected condition failed: waiting for element to be clickable: [[ChromeDriver: chrome on WINDOWS (7c1f6d7ff0395e1a945406a52018eaee)] -> xpath: //input[@class='btn btn-link']] (tried for 20 second(s) with 1000 milliseconds interval)
Build info: version: '3.12.0', revision: '7c6e0b3', time: '2018-05-08T14:04:26.12Z'
System info: host: 'FOCUS-QA-4', ip: '192.168.4.54', os.name: 'Windows 10', os.arch: 'amd64', os.version: '10.0', java.version: '1.8.0_111'
Driver info: driver.version: unknown
	at org.openqa.selenium.support.ui.FluentWait.timeoutException(FluentWait.java:303)
	at org.openqa.selenium.support.ui.FluentWait.until(FluentWait.java:271)
	at com.focus.Pages.SmokeDCPage.checkRulesTabOptionsInEditLayoutBody(SmokeDCPage.java:1583)
	at com.focus.testcases.SmokeDCTest.checkRulesTabOptionsInEditLayoutBody(SmokeDCTest.java:192)
	at sun.reflect.NativeMethodAccessorImpl.invoke0(Native Method)
	at sun.reflect.NativeMethodAccessorImpl.invoke(Unknown Source)
	at sun.reflect.DelegatingMethodAccessorImpl.invoke(Unknown Source)
	at java.lang.reflect.Method.invoke(Unknown Source)
	at org.testng.internal.MethodInvocationHelper.invokeMethod(MethodInvocationHelper.java:86)
	at org.testng.internal.Invoker.invokeMethod(Invoker.java:643)
	at org.testng.internal.Invoker.invokeTestMethod(Invoker.java:820)
	at org.testng.internal.Invoker.invokeTestMethods(Invoker.java:1128)
	at org.testng.internal.TestMethodWorker.invokeTestMethods(TestMethodWorker.java:129)
	at org.testng.internal.TestMethodWorker.run(TestMethodWorker.java:112)
	at org.testng.TestRunner.privateRun(TestRunner.java:782)
	at org.testng.TestRunner.run(TestRunner.java:632)
	at org.testng.SuiteRunner.runTest(SuiteRunner.java:366)
	at org.testng.SuiteRunner.runSequentially(SuiteRunner.java:361)
	at org.testng.SuiteRunner.privateRun(SuiteRunner.java:319)
	at org.testng.SuiteRunner.run(SuiteRunner.java:268)
	at org.testng.SuiteRunnerWorker.runSuite(SuiteRunnerWorker.java:52)
	at org.testng.SuiteRunnerWorker.run(SuiteRunnerWorker.java:86)
	at org.testng.TestNG.runSuitesSequentially(TestNG.java:1244)
	at org.testng.TestNG.runSuitesLocally(TestNG.java:1169)
	at org.testng.TestNG.run(TestNG.java:1064)
	at org.testng.remote.AbstractRemoteTestNG.run(AbstractRemoteTestNG.java:114)
	at org.testng.remote.RemoteTestNG.initAndRun(RemoteTestNG.java:251)
	at org.testng.remote.RemoteTestNG.main(RemoteTestNG.java:77)
]]>
    </error>
  </testcase> <!-- checkRulesTabOptionsInEditLayoutBody -->
  <testcase name="checkFDSavingInFooterTabUpdateMaterialReceiptNotes" time="3.871" classname="com.focus.testcases.SmokeDCTest"/>
  <testcase name="checkDeleteoptionInFooterTabEditScreeninPurchaseVoucher" time="3.141" classname="com.focus.testcases.SmokeDCTest"/>
  <testcase name="checkCreateNewDocumentintheSalesOrderVoucher" time="39.905" classname="com.focus.testcases.SmokeDCTest"/>
  <testcase name="checkCreatingNewVoucherSalesInvoiceNew" time="41.424" classname="com.focus.testcases.SmokeDCTest"/>
  <testcase name="checkselectingPurchseVoucherFromLoadFieldsDropdownBodyTab" time="2.318" classname="com.focus.testcases.SmokeDCTest"/>
  <testcase name="checkRulesTabOptionsInEditLayoutHeader" time="3.239" classname="com.focus.testcases.SmokeDCTest"/>
  <testcase name="checkLoadFieldsEditScreenBodyTabMaterialReceiptsNotes" time="3.193" classname="com.focus.testcases.SmokeDCTest"/>
  <testcase name="checkLoadFieldsDropdownListsInEditScreenBodyTab" time="2.285" classname="com.focus.testcases.SmokeDCTest"/>
  <testcase name="checkExcessInStock" time="28.746" classname="com.focus.testcases.SmokeDCTest"/>
  <testcase name="checkExternalModulesTabOptionsInEditLayoutBody" time="80.679" classname="com.focus.testcases.SmokeDCTest">
    <error type="org.openqa.selenium.TimeoutException" message="Expected condition failed: waiting for element to be clickable: Proxy element for: DefaultElementLocator &#039;By.xpath: //ul[@id=&#039;editScreen_FieldsCustomization_tabs&#039;]//li[5]&#039; (tried for 20 second(s) with 1000 milliseconds interval)">
      <![CDATA[org.openqa.selenium.TimeoutException: Expected condition failed: waiting for element to be clickable: Proxy element for: DefaultElementLocator 'By.xpath: //ul[@id='editScreen_FieldsCustomization_tabs']//li[5]' (tried for 20 second(s) with 1000 milliseconds interval)
	at org.openqa.selenium.support.ui.FluentWait.timeoutException(FluentWait.java:303)
	at org.openqa.selenium.support.ui.FluentWait.until(FluentWait.java:271)
	at com.focus.Pages.SmokeDCPage.checkExternalModulesTabOptionsInEditLayoutBody(SmokeDCPage.java:1616)
	at com.focus.testcases.SmokeDCTest.checkExternalModulesTabOptionsInEditLayoutBody(SmokeDCTest.java:200)
	at sun.reflect.NativeMethodAccessorImpl.invoke0(Native Method)
	at sun.reflect.NativeMethodAccessorImpl.invoke(Unknown Source)
	at sun.reflect.DelegatingMethodAccessorImpl.invoke(Unknown Source)
	at java.lang.reflect.Method.invoke(Unknown Source)
	at org.testng.internal.MethodInvocationHelper.invokeMethod(MethodInvocationHelper.java:86)
	at org.testng.internal.Invoker.invokeMethod(Invoker.java:643)
	at org.testng.internal.Invoker.invokeTestMethod(Invoker.java:820)
	at org.testng.internal.Invoker.invokeTestMethods(Invoker.java:1128)
	at org.testng.internal.TestMethodWorker.invokeTestMethods(TestMethodWorker.java:129)
	at org.testng.internal.TestMethodWorker.run(TestMethodWorker.java:112)
	at org.testng.TestRunner.privateRun(TestRunner.java:782)
	at org.testng.TestRunner.run(TestRunner.java:632)
	at org.testng.SuiteRunner.runTest(SuiteRunner.java:366)
	at org.testng.SuiteRunner.runSequentially(SuiteRunner.java:361)
	at org.testng.SuiteRunner.privateRun(SuiteRunner.java:319)
	at org.testng.SuiteRunner.run(SuiteRunner.java:268)
	at org.testng.SuiteRunnerWorker.runSuite(SuiteRunnerWorker.java:52)
	at org.testng.SuiteRunnerWorker.run(SuiteRunnerWorker.java:86)
	at org.testng.TestNG.runSuitesSequentially(TestNG.java:1244)
	at org.testng.TestNG.runSuitesLocally(TestNG.java:1169)
	at org.testng.TestNG.run(TestNG.java:1064)
	at org.testng.remote.AbstractRemoteTestNG.run(AbstractRemoteTestNG.java:114)
	at org.testng.remote.RemoteTestNG.initAndRun(RemoteTestNG.java:251)
	at org.testng.remote.RemoteTestNG.main(RemoteTestNG.java:77)
Caused by: org.openqa.selenium.NoSuchElementException: no such element: Unable to locate element: {"method":"xpath","selector":"//ul[@id='editScreen_FieldsCustomization_tabs']//li[5]"}
  (Session info: chrome=86.0.4240.111)
For documentation on this error, please visit: http://seleniumhq.org/exceptions/no_such_element.html
Build info: version: '3.12.0', revision: '7c6e0b3', time: '2018-05-08T14:04:26.12Z'
System info: host: 'FOCUS-QA-4', ip: '192.168.4.54', os.name: 'Windows 10', os.arch: 'amd64', os.version: '10.0', java.version: '1.8.0_111'
Driver info: org.openqa.selenium.chrome.ChromeDriver
Capabilities {acceptInsecureCerts: false, browserName: chrome, browserVersion: 86.0.4240.111, chrome: {chromedriverVersion: 85.0.4183.83 (94abc2237ae0c..., userDataDir: C:\Users\D.n\AppData\Local\...}, goog:chromeOptions: {debuggerAddress: localhost:61582}, javascriptEnabled: true, networkConnectionEnabled: false, pageLoadStrategy: normal, platform: WINDOWS, platformName: WINDOWS, proxy: Proxy(), setWindowRect: true, strictFileInteractability: false, timeouts: {implicit: 0, pageLoad: 300000, script: 30000}, unhandledPromptBehavior: dismiss and notify, webauthn:virtualAuthenticators: true}
Session ID: 7c1f6d7ff0395e1a945406a52018eaee
*** Element info: {Using=xpath, value=//ul[@id='editScreen_FieldsCustomization_tabs']//li[5]}
	at sun.reflect.NativeConstructorAccessorImpl.newInstance0(Native Method)
	at sun.reflect.NativeConstructorAccessorImpl.newInstance(Unknown Source)
	at sun.reflect.DelegatingConstructorAccessorImpl.newInstance(Unknown Source)
	at java.lang.reflect.Constructor.newInstance(Unknown Source)
	at org.openqa.selenium.remote.http.W3CHttpResponseCodec.createException(W3CHttpResponseCodec.java:187)
	at org.openqa.selenium.remote.http.W3CHttpResponseCodec.decode(W3CHttpResponseCodec.java:122)
	at org.openqa.selenium.remote.http.W3CHttpResponseCodec.decode(W3CHttpResponseCodec.java:49)
	at org.openqa.selenium.remote.HttpCommandExecutor.execute(HttpCommandExecutor.java:158)
	at org.openqa.selenium.remote.service.DriverCommandExecutor.execute(DriverCommandExecutor.java:83)
	at org.openqa.selenium.remote.RemoteWebDriver.execute(RemoteWebDriver.java:543)
	at org.openqa.selenium.remote.RemoteWebDriver.findElement(RemoteWebDriver.java:317)
	at org.openqa.selenium.remote.RemoteWebDriver.findElementByXPath(RemoteWebDriver.java:419)
	at org.openqa.selenium.By$ByXPath.findElement(By.java:353)
	at org.openqa.selenium.remote.RemoteWebDriver.findElement(RemoteWebDriver.java:309)
	at org.openqa.selenium.support.pagefactory.DefaultElementLocator.findElement(DefaultElementLocator.java:69)
	at org.openqa.selenium.support.pagefactory.internal.LocatingElementHandler.invoke(LocatingElementHandler.java:38)
	at com.sun.proxy.$Proxy15.isDisplayed(Unknown Source)
	at org.openqa.selenium.support.ui.ExpectedConditions.elementIfVisible(ExpectedConditions.java:315)
	at org.openqa.selenium.support.ui.ExpectedConditions.access$100(ExpectedConditions.java:44)
	at org.openqa.selenium.support.ui.ExpectedConditions$10.apply(ExpectedConditions.java:301)
	at org.openqa.selenium.support.ui.ExpectedConditions$10.apply(ExpectedConditions.java:298)
	at org.openqa.selenium.support.ui.ExpectedConditions$23.apply(ExpectedConditions.java:686)
	at org.openqa.selenium.support.ui.ExpectedConditions$23.apply(ExpectedConditions.java:682)
	at org.openqa.selenium.support.ui.FluentWait.until(FluentWait.java:248)
	... 26 more
]]>
    </error>
  </testcase> <!-- checkExternalModulesTabOptionsInEditLayoutBody -->
  <testcase name="checkAddFieldOptionsInReceiptsNewVoucherHeaderEditLayout" time="3.456" classname="com.focus.testcases.SmokeDCTest"/>
  <testcase name="checkUpdateStockUncheckInMiscellaneousTabInPurchaseVoucher" time="3.087" classname="com.focus.testcases.SmokeDCTest"/>
  <testcase name="checkAddButtonOptionsInPurchaseVoucher" time="3.727" classname="com.focus.testcases.SmokeDCTest"/>
  <testcase name="checkFieldDetailsTabOptionsEditLayoutBody" time="2.631" classname="com.focus.testcases.SmokeDCTest"/>
  <testcase name="checkTagsCurrencyAndDueDateOfSalesInvoice" time="69.119" classname="com.focus.testcases.SmokeDCTest"/>
  <testcase name="checkFormattingTabOptionsInEditLayoutBody" time="21.061" classname="com.focus.testcases.SmokeDCTest">
    <error type="org.openqa.selenium.TimeoutException" message="Expected condition failed: waiting for element to be clickable: [[ChromeDriver: chrome on WINDOWS (7c1f6d7ff0395e1a945406a52018eaee)] -&gt; xpath: //a[contains(text(),&#039;Formatting&#039;)]] (tried for 20 second(s) with 1000 milliseconds interval)
Build info: version: &#039;3.12.0&#039;, revision: &#039;7c6e0b3&#039;, time: &#039;2018-05-08T14:04:26.12Z&#039;
System info: host: &#039;FOCUS-QA-4&#039;, ip: &#039;192.168.4.54&#039;, os.name: &#039;Windows 10&#039;, os.arch: &#039;amd64&#039;, os.version: &#039;10.0&#039;, java.version: &#039;1.8.0_111&#039;
Driver info: driver.version: unknown">
      <![CDATA[org.openqa.selenium.TimeoutException: Expected condition failed: waiting for element to be clickable: [[ChromeDriver: chrome on WINDOWS (7c1f6d7ff0395e1a945406a52018eaee)] -> xpath: //a[contains(text(),'Formatting')]] (tried for 20 second(s) with 1000 milliseconds interval)
Build info: version: '3.12.0', revision: '7c6e0b3', time: '2018-05-08T14:04:26.12Z'
System info: host: 'FOCUS-QA-4', ip: '192.168.4.54', os.name: 'Windows 10', os.arch: 'amd64', os.version: '10.0', java.version: '1.8.0_111'
Driver info: driver.version: unknown
	at org.openqa.selenium.support.ui.FluentWait.timeoutException(FluentWait.java:303)
	at org.openqa.selenium.support.ui.FluentWait.until(FluentWait.java:271)
	at com.focus.Pages.SmokeDCPage.checkFormattingTabOptionsInEditLayoutBody(SmokeDCPage.java:1540)
	at com.focus.testcases.SmokeDCTest.checkFormattingTabOptionsInEditLayoutBody(SmokeDCTest.java:184)
	at sun.reflect.NativeMethodAccessorImpl.invoke0(Native Method)
	at sun.reflect.NativeMethodAccessorImpl.invoke(Unknown Source)
	at sun.reflect.DelegatingMethodAccessorImpl.invoke(Unknown Source)
	at java.lang.reflect.Method.invoke(Unknown Source)
	at org.testng.internal.MethodInvocationHelper.invokeMethod(MethodInvocationHelper.java:86)
	at org.testng.internal.Invoker.invokeMethod(Invoker.java:643)
	at org.testng.internal.Invoker.invokeTestMethod(Invoker.java:820)
	at org.testng.internal.Invoker.invokeTestMethods(Invoker.java:1128)
	at org.testng.internal.TestMethodWorker.invokeTestMethods(TestMethodWorker.java:129)
	at org.testng.internal.TestMethodWorker.run(TestMethodWorker.java:112)
	at org.testng.TestRunner.privateRun(TestRunner.java:782)
	at org.testng.TestRunner.run(TestRunner.java:632)
	at org.testng.SuiteRunner.runTest(SuiteRunner.java:366)
	at org.testng.SuiteRunner.runSequentially(SuiteRunner.java:361)
	at org.testng.SuiteRunner.privateRun(SuiteRunner.java:319)
	at org.testng.SuiteRunner.run(SuiteRunner.java:268)
	at org.testng.SuiteRunnerWorker.runSuite(SuiteRunnerWorker.java:52)
	at org.testng.SuiteRunnerWorker.run(SuiteRunnerWorker.java:86)
	at org.testng.TestNG.runSuitesSequentially(TestNG.java:1244)
	at org.testng.TestNG.runSuitesLocally(TestNG.java:1169)
	at org.testng.TestNG.run(TestNG.java:1064)
	at org.testng.remote.AbstractRemoteTestNG.run(AbstractRemoteTestNG.java:114)
	at org.testng.remote.RemoteTestNG.initAndRun(RemoteTestNG.java:251)
	at org.testng.remote.RemoteTestNG.main(RemoteTestNG.java:77)
]]>
    </error>
  </testcase> <!-- checkFormattingTabOptionsInEditLayoutBody -->
  <testcase name="checkPropertiesTabOptionsInEditLayoutBody" time="3.358" classname="com.focus.testcases.SmokeDCTest"/>
  <testcase name="checkMasterValues" time="2.699" classname="com.focus.testcases.SmokeDCTest"/>
  <testcase name="checkApplybuttonintheCreationFieldwithEmpty" time="2.458" classname="com.focus.testcases.SmokeDCTest"/>
  <testcase name="checkEditoptionInFooterTabEditScreeninPurchaseVoucher" time="3.845" classname="com.focus.testcases.SmokeDCTest"/>
  <testcase name="checkMiscellaneousTabInPaymentNewVoucher" time="8.024" classname="com.focus.testcases.SmokeDCTest"/>
  <testcase name="checkCreatingNewVoucherSalesInvoicVAT" time="51.556" classname="com.focus.testcases.SmokeDCTest"/>
  <testcase name="checkShortageStock" time="40.106" classname="com.focus.testcases.SmokeDCTest"/>
  <testcase name="checkDeleteFieldOptionsInReceiptsNewVoucherHeaderEditLayout" time="4.077" classname="com.focus.testcases.SmokeDCTest"/>
  <testcase name="checkLoadFieldsinFooterTabinMaterialReceiptsNotes" time="2.552" classname="com.focus.testcases.SmokeDCTest"/>
  <testcase name="checkAddFieldRDInBodyaddingField" time="5.379" classname="com.focus.testcases.SmokeDCTest"/>
  <testcase name="checkAddFieldFDInFooterField" time="4.304" classname="com.focus.testcases.SmokeDCTest"/>
  <testcase name="checkCreateNewVoucherOnSelectionOfReceipts" time="10.397" classname="com.focus.testcases.SmokeDCTest"/>
  <testcase name="checksUpdateButtoInPostDatedReceiptsNewVoucher" time="12.656" classname="com.focus.testcases.SmokeDCTest"/>
  <testcase name="checksUpdateButtonInReceiptsNewVoucher" time="4.228" classname="com.focus.testcases.SmokeDCTest"/>
  <testcase name="checkDocumentTagsInPurchaseVoucher" time="11.232" classname="com.focus.testcases.SmokeDCTest"/>
  <testcase name="checkApplyButtonInEdtitLayoutHeader" time="5.917" classname="com.focus.testcases.SmokeDCTest"/>
  <testcase name="checkEditoptionEditScreeninPurchaseVoucher" time="5.019" classname="com.focus.testcases.SmokeDCTest"/>
  <testcase name="checkEditFieldOptionsInReceiptsNewVoucherHeaderEditLayout" time="3.987" classname="com.focus.testcases.SmokeDCTest"/>
  <testcase name="checkMiscellaneousTabInReceiptNewVoucher" time="2.827" classname="com.focus.testcases.SmokeDCTest"/>
  <testcase name="checkCreatingNewVoucherDebitNotesVAT" time="36.592" classname="com.focus.testcases.SmokeDCTest"/>
</testsuite> <!-- com.focus.testcases.SmokeDCTest -->
