<?xml version="1.0" encoding="UTF-8"?>
<!-- Generated by org.testng.reporters.JUnitReportReporter -->
<testsuite hostname="FOCUS-QA-133" failures="1" tests="23" name="com.focus.testcases.ReportsTest" time="492.306" errors="0" timestamp="2 Sep 2021 06:11:27 GMT">
  <testcase classname="com.focus.testcases.ReportsTest" name="checkAllTransactionsOfDocumentClassReport" time="14.609"/>
  <testcase classname="com.focus.testcases.ReportsTest" name="checkListingOfDocumentsReport" time="15.365"/>
  <testcase classname="com.focus.testcases.ReportsTest" name="checkSavingReportDesignerOfAllTransactionsOfDocumentClass" time="40.130"/>
  <testcase classname="com.focus.testcases.ReportsTest" name="checkStockAnalysisByRmaReports" time="24.074"/>
  <testcase classname="com.focus.testcases.ReportsTest" name="checkProfitAndLossReport" time="21.321"/>
  <testcase classname="com.focus.testcases.ReportsTest" name="checkMultiLevelStockMovementReports" time="14.353"/>
  <testcase classname="com.focus.testcases.ReportsTest" name="checkFinanacialLedgerReport" time="20.774"/>
  <testcase classname="com.focus.testcases.ReportsTest" name="checkSubledgerReport" time="16.964"/>
  <testcase classname="com.focus.testcases.ReportsTest" name="checkStockStatementReport" time="23.221"/>
  <testcase classname="com.focus.testcases.ReportsTest" name="checkCustomerListingOfOutstandingBillsReport" time="15.664"/>
  <testcase classname="com.focus.testcases.ReportsTest" name="checkBalanceSheetReport" time="33.529"/>
  <testcase classname="com.focus.testcases.ReportsTest" name="checkStockAnalysisByBatchReport" time="11.013"/>
  <testcase classname="com.focus.testcases.ReportsTest" name="checkStockValuationReports" time="13.730"/>
  <testcase classname="com.focus.testcases.ReportsTest" name="checkStockMovementReports" time="16.736"/>
  <testcase classname="com.focus.testcases.ReportsTest" name="checkStockLedgerReport" time="34.966"/>
  <testcase classname="com.focus.testcases.ReportsTest" name="checkPdcReceiptsRegisterReport" time="18.431"/>
  <testcase classname="com.focus.testcases.ReportsTest" name="checkTrailBalanceReport" time="38.000"/>
  <testcase classname="com.focus.testcases.ReportsTest" name="checkStockDetailsByBinsReports" time="16.750"/>
  <testcase classname="com.focus.testcases.ReportsTest" name="checkVendorBillWiseSummaryReport" time="18.276"/>
  <testcase classname="com.focus.testcases.ReportsTest" name="checkPdcPaymentsRegisterReport" time="18.446">
    <failure message="expected [true] but found [false]" type="java.lang.AssertionError">
      <![CDATA[java.lang.AssertionError: expected [true] but found [false]
	at org.testng.Assert.fail(Assert.java:94)
	at org.testng.Assert.failNotEquals(Assert.java:513)
	at org.testng.Assert.assertEqualsImpl(Assert.java:135)
	at org.testng.Assert.assertEquals(Assert.java:116)
	at org.testng.Assert.assertEquals(Assert.java:305)
	at org.testng.Assert.assertEquals(Assert.java:315)
	at com.focus.testcases.ReportsTest.checkPdcPaymentsRegisterReport(ReportsTest.java:41)
	at java.base/jdk.internal.reflect.NativeMethodAccessorImpl.invoke0(Native Method)
	at java.base/jdk.internal.reflect.NativeMethodAccessorImpl.invoke(NativeMethodAccessorImpl.java:78)
	at java.base/jdk.internal.reflect.DelegatingMethodAccessorImpl.invoke(DelegatingMethodAccessorImpl.java:43)
	at java.base/java.lang.reflect.Method.invoke(Method.java:567)
	at org.testng.internal.MethodInvocationHelper.invokeMethod(MethodInvocationHelper.java:86)
	at org.testng.internal.Invoker.invokeMethod(Invoker.java:643)
	at org.testng.internal.Invoker.invokeTestMethod(Invoker.java:820)
	at org.testng.internal.Invoker.invokeTestMethods(Invoker.java:1128)
	at org.testng.internal.TestMethodWorker.invokeTestMethods(TestMethodWorker.java:129)
	at org.testng.internal.TestMethodWorker.run(TestMethodWorker.java:112)
	at org.testng.TestRunner.privateRun(TestRunner.java:782)
	at org.testng.TestRunner.run(TestRunner.java:632)
	at org.testng.SuiteRunner.runTest(SuiteRunner.java:366)
	at org.testng.SuiteRunner.runSequentially(SuiteRunner.java:361)
	at org.testng.SuiteRunner.privateRun(SuiteRunner.java:319)
	at org.testng.SuiteRunner.run(SuiteRunner.java:268)
	at org.testng.SuiteRunnerWorker.runSuite(SuiteRunnerWorker.java:52)
	at org.testng.SuiteRunnerWorker.run(SuiteRunnerWorker.java:86)
	at org.testng.TestNG.runSuitesSequentially(TestNG.java:1244)
	at org.testng.TestNG.runSuitesLocally(TestNG.java:1169)
	at org.testng.TestNG.run(TestNG.java:1064)
	at org.testng.remote.AbstractRemoteTestNG.run(AbstractRemoteTestNG.java:115)
	at org.testng.remote.RemoteTestNG.initAndRun(RemoteTestNG.java:251)
	at org.testng.remote.RemoteTestNG.main(RemoteTestNG.java:77)
]]>
    </failure>
  </testcase> <!-- checkPdcPaymentsRegisterReport -->
  <testcase classname="com.focus.testcases.ReportsTest" name="checkReceiptRegisterReport" time="18.615"/>
  <testcase classname="com.focus.testcases.ReportsTest" name="checkCustomerStatementReport" time="22.200"/>
  <testcase classname="com.focus.testcases.ReportsTest" name="checkVendorAgeingSummaryReport" time="25.139"/>
</testsuite> <!-- com.focus.testcases.ReportsTest -->
