<?xml version="1.0" encoding="UTF-8"?>
<!-- Generated by org.testng.reporters.JUnitReportReporter -->
<testsuite hostname="Focus-QA-4" name="com.focus.testcases.SmokeMasterAuthorizationDefinitionTest" tests="47" failures="1" timestamp="22 Oct 2020 09:37:01 GMT" time="522.451" errors="0">
  <testcase name="checkSaveWithAllMandatoryInputs" time="6.770" classname="com.focus.testcases.SmokeMasterAuthorizationDefinitionTest"/>
  <testcase name="checkConditionCheckbox" time="9.239" classname="com.focus.testcases.SmokeMasterAuthorizationDefinitionTest"/>
  <testcase name="checkStartPoint" time="4.158" classname="com.focus.testcases.SmokeMasterAuthorizationDefinitionTest"/>
  <testcase name="checkInputNameAndClickOnSaveWithoutAuthorizationSettings" time="5.760" classname="com.focus.testcases.SmokeMasterAuthorizationDefinitionTest"/>
  <testcase name="checkSelectingAccountinMasterDropdown" time="4.485" classname="com.focus.testcases.SmokeMasterAuthorizationDefinitionTest"/>
  <testcase name="checkEmailTemplateCompanyExpandInFieldsTabOptions" time="9.530" classname="com.focus.testcases.SmokeMasterAuthorizationDefinitionTest"/>
  <testcase name="checkCancelButtonInDefinitionScreen" time="3.822" classname="com.focus.testcases.SmokeMasterAuthorizationDefinitionTest"/>
  <testcase name="checkCancelButton" time="2.131" classname="com.focus.testcases.SmokeMasterAuthorizationDefinitionTest"/>
  <testcase name="checkSaveButtonWithCondition" time="6.185" classname="com.focus.testcases.SmokeMasterAuthorizationDefinitionTest"/>
  <testcase name="checkAlertMessageOnDeleteAuthorization" time="46.262" classname="com.focus.testcases.SmokeMasterAuthorizationDefinitionTest"/>
  <testcase name="checkEscalationTypeDropdownOptions" time="4.134" classname="com.focus.testcases.SmokeMasterAuthorizationDefinitionTest"/>
  <testcase name="checkDisplayingMastersNameInListOfMasters" time="5.240" classname="com.focus.testcases.SmokeMasterAuthorizationDefinitionTest"/>
  <testcase name="checkEscalationTabOptions" time="4.394" classname="com.focus.testcases.SmokeMasterAuthorizationDefinitionTest"/>
  <testcase name="checkEditMasterAuthorizationSettings" time="4.528" classname="com.focus.testcases.SmokeMasterAuthorizationDefinitionTest"/>
  <testcase name="checkClearButton" time="5.505" classname="com.focus.testcases.SmokeMasterAuthorizationDefinitionTest"/>
  <testcase name="checkFieldsTabMasterFieldsOptions" time="11.952" classname="com.focus.testcases.SmokeMasterAuthorizationDefinitionTest"/>
  <testcase name="checkEditOnSelectAlertsTabOptions" time="6.183" classname="com.focus.testcases.SmokeMasterAuthorizationDefinitionTest"/>
  <testcase name="checkLoginWithValidUserNameAndPasswordToCheckMasterAuthorization" time="35.173" classname="com.focus.testcases.SmokeMasterAuthorizationDefinitionTest"/>
  <testcase name="checkActiveCheckBox" time="3.971" classname="com.focus.testcases.SmokeMasterAuthorizationDefinitionTest"/>
  <testcase name="checkConditionAsMandatory" time="5.095" classname="com.focus.testcases.SmokeMasterAuthorizationDefinitionTest">
    <failure type="java.lang.AssertionError" message="expected [true] but found [false]">
      <![CDATA[java.lang.AssertionError: expected [true] but found [false]
	at org.testng.Assert.fail(Assert.java:94)
	at org.testng.Assert.failNotEquals(Assert.java:513)
	at org.testng.Assert.assertEqualsImpl(Assert.java:135)
	at org.testng.Assert.assertEquals(Assert.java:116)
	at org.testng.Assert.assertEquals(Assert.java:305)
	at org.testng.Assert.assertEquals(Assert.java:315)
	at com.focus.testcases.SmokeMasterAuthorizationDefinitionTest.checkConditionAsMandatory(SmokeMasterAuthorizationDefinitionTest.java:181)
	at sun.reflect.NativeMethodAccessorImpl.invoke0(Native Method)
	at sun.reflect.NativeMethodAccessorImpl.invoke(Unknown Source)
	at sun.reflect.DelegatingMethodAccessorImpl.invoke(Unknown Source)
	at java.lang.reflect.Method.invoke(Unknown Source)
	at org.testng.internal.MethodInvocationHelper.invokeMethod(MethodInvocationHelper.java:86)
	at org.testng.internal.Invoker.invokeMethod(Invoker.java:643)
	at org.testng.internal.Invoker.invokeTestMethod(Invoker.java:820)
	at org.testng.internal.Invoker.invokeTestMethods(Invoker.java:1128)
	at org.testng.internal.TestMethodWorker.invokeTestMethods(TestMethodWorker.java:129)
	at org.testng.internal.TestMethodWorker.run(TestMethodWorker.java:112)
	at org.testng.TestRunner.privateRun(TestRunner.java:782)
	at org.testng.TestRunner.run(TestRunner.java:632)
	at org.testng.SuiteRunner.runTest(SuiteRunner.java:366)
	at org.testng.SuiteRunner.runSequentially(SuiteRunner.java:361)
	at org.testng.SuiteRunner.privateRun(SuiteRunner.java:319)
	at org.testng.SuiteRunner.run(SuiteRunner.java:268)
	at org.testng.SuiteRunnerWorker.runSuite(SuiteRunnerWorker.java:52)
	at org.testng.SuiteRunnerWorker.run(SuiteRunnerWorker.java:86)
	at org.testng.TestNG.runSuitesSequentially(TestNG.java:1244)
	at org.testng.TestNG.runSuitesLocally(TestNG.java:1169)
	at org.testng.TestNG.run(TestNG.java:1064)
	at org.testng.remote.AbstractRemoteTestNG.run(AbstractRemoteTestNG.java:114)
	at org.testng.remote.RemoteTestNG.initAndRun(RemoteTestNG.java:251)
	at org.testng.remote.RemoteTestNG.main(RemoteTestNG.java:77)
]]>
    </failure>
  </testcase> <!-- checkConditionAsMandatory -->
  <testcase name="checkUserDropdownOptions" time="3.497" classname="com.focus.testcases.SmokeMasterAuthorizationDefinitionTest"/>
  <testcase name="checkUserSelectionIsManadatory" time="3.691" classname="com.focus.testcases.SmokeMasterAuthorizationDefinitionTest"/>
  <testcase name="checkExitOptionInLayout" time="5.828" classname="com.focus.testcases.SmokeMasterAuthorizationDefinitionTest"/>
  <testcase name="checkSavedAlertTemplateInTemplate" time="32.155" classname="com.focus.testcases.SmokeMasterAuthorizationDefinitionTest"/>
  <testcase name="checkDescriptionAsMandatory" time="4.958" classname="com.focus.testcases.SmokeMasterAuthorizationDefinitionTest"/>
  <testcase name="checkUserSelectionTabOptions" time="3.538" classname="com.focus.testcases.SmokeMasterAuthorizationDefinitionTest"/>
  <testcase name="checkSavingMasterAuthorization" time="4.134" classname="com.focus.testcases.SmokeMasterAuthorizationDefinitionTest"/>
  <testcase name="checkSavedEmailTemplateInEmailTemplate" time="19.507" classname="com.focus.testcases.SmokeMasterAuthorizationDefinitionTest"/>
  <testcase name="checkOkButtonOnSelectingUser" time="4.944" classname="com.focus.testcases.SmokeMasterAuthorizationDefinitionTest"/>
  <testcase name="checkEscalationTabOptionsAfterClickingAddBtn" time="3.687" classname="com.focus.testcases.SmokeMasterAuthorizationDefinitionTest"/>
  <testcase name="checkCancelInAlertDeleteOption" time="6.373" classname="com.focus.testcases.SmokeMasterAuthorizationDefinitionTest"/>
  <testcase name="checkAlertsTabOptions" time="3.854" classname="com.focus.testcases.SmokeMasterAuthorizationDefinitionTest"/>
  <testcase name="checkOpenMasterAuthorization" time="7.692" classname="com.focus.testcases.SmokeMasterAuthorizationDefinitionTest"/>
  <testcase name="checkMasterDropdownOptions" time="8.341" classname="com.focus.testcases.SmokeMasterAuthorizationDefinitionTest"/>
  <testcase name="checkSaveWithoutSelectionOfMaster" time="4.315" classname="com.focus.testcases.SmokeMasterAuthorizationDefinitionTest"/>
  <testcase name="checkFieldsTabUserDetailsOptions" time="9.811" classname="com.focus.testcases.SmokeMasterAuthorizationDefinitionTest"/>
  <testcase name="checkSaveAuthorizationWithConditionAndAlerts" time="8.943" classname="com.focus.testcases.SmokeMasterAuthorizationDefinitionTest"/>
  <testcase name="checkSaveWithoutName" time="3.690" classname="com.focus.testcases.SmokeMasterAuthorizationDefinitionTest"/>
  <testcase name="checkOkInAlertDeleteOption" time="5.265" classname="com.focus.testcases.SmokeMasterAuthorizationDefinitionTest"/>
  <testcase name="checkCreatedEmailInEmailHedaerTemplate" time="5.826" classname="com.focus.testcases.SmokeMasterAuthorizationDefinitionTest"/>
  <testcase name="checkCloseAndLogoutTheCompany" time="7.412" classname="com.focus.testcases.SmokeMasterAuthorizationDefinitionTest"/>
  <testcase name="checkSavedSMSTemplateInTemplate" time="27.112" classname="com.focus.testcases.SmokeMasterAuthorizationDefinitionTest"/>
  <testcase name="checkFieldsTabMiscellaneousOptions" time="9.635" classname="com.focus.testcases.SmokeMasterAuthorizationDefinitionTest"/>
  <testcase name="checkDesignAreaPrintScreen" time="6.698" classname="com.focus.testcases.SmokeMasterAuthorizationDefinitionTest"/>
  <testcase name="checkSavedNameDisplayInNameTextBox" time="5.725" classname="com.focus.testcases.SmokeMasterAuthorizationDefinitionTest"/>
  <testcase name="checkConditionTabOptions" time="7.166" classname="com.focus.testcases.SmokeMasterAuthorizationDefinitionTest"/>
  <testcase name="checkFieldsDragInHeaderOptions" time="124.137" classname="com.focus.testcases.SmokeMasterAuthorizationDefinitionTest"/>
</testsuite> <!-- com.focus.testcases.SmokeMasterAuthorizationDefinitionTest -->
