<?xml version="1.0" encoding="UTF-8"?>
<!-- Generated by org.testng.reporters.JUnitReportReporter -->
<testsuite hostname="Focus-QA-4" name="com.focus.testcases.SmokeAccountsTest" tests="29" failures="2" timestamp="31 Oct 2020 08:30:10 GMT" time="222.618" errors="0">
  <testcase name="checkUnHideAccountGroupOptionsAvailableInAccountMastersPage" time="6.618" classname="com.focus.testcases.SmokeAccountsTest"/>
  <testcase name="checkAccountUpdatedInformationDisplayInMasterDisplayTableOfMastersPage" time="6.305" classname="com.focus.testcases.SmokeAccountsTest"/>
  <testcase name="checkDeleteAccountMasterNotDisplayInAccountGrid" time="3.741" classname="com.focus.testcases.SmokeAccountsTest"/>
  <testcase name="checkPrintLayoutTabFieldsAvailabilityOnClickOnPrintLayoutTabInAccountsMasterCreationPage" time="5.641" classname="com.focus.testcases.SmokeAccountsTest"/>
  <testcase name="checkLogoutInAccountsMasterPage" time="4.364" classname="com.focus.testcases.SmokeAccountsTest"/>
  <testcase name="checkUpdateAcountInformationForUpdateAccountInAccountsMasterPage" time="16.569" classname="com.focus.testcases.SmokeAccountsTest">
    <failure type="java.lang.AssertionError" message="expected [true] but found [false]">
      <![CDATA[java.lang.AssertionError: expected [true] but found [false]
	at org.testng.Assert.fail(Assert.java:94)
	at org.testng.Assert.failNotEquals(Assert.java:513)
	at org.testng.Assert.assertEqualsImpl(Assert.java:135)
	at org.testng.Assert.assertEquals(Assert.java:116)
	at org.testng.Assert.assertEquals(Assert.java:305)
	at org.testng.Assert.assertEquals(Assert.java:315)
	at com.focus.testcases.SmokeAccountsTest.checkUpdateAcountInformationForUpdateAccountInAccountsMasterPage(SmokeAccountsTest.java:190)
	at sun.reflect.NativeMethodAccessorImpl.invoke0(Native Method)
	at sun.reflect.NativeMethodAccessorImpl.invoke(Unknown Source)
	at sun.reflect.DelegatingMethodAccessorImpl.invoke(Unknown Source)
	at java.lang.reflect.Method.invoke(Unknown Source)
	at org.testng.internal.MethodInvocationHelper.invokeMethod(MethodInvocationHelper.java:86)
	at org.testng.internal.Invoker.invokeMethod(Invoker.java:643)
	at org.testng.internal.Invoker.invokeTestMethod(Invoker.java:820)
	at org.testng.internal.Invoker.invokeTestMethods(Invoker.java:1128)
	at org.testng.internal.TestMethodWorker.invokeTestMethods(TestMethodWorker.java:129)
	at org.testng.internal.TestMethodWorker.run(TestMethodWorker.java:112)
	at org.testng.TestRunner.privateRun(TestRunner.java:782)
	at org.testng.TestRunner.run(TestRunner.java:632)
	at org.testng.SuiteRunner.runTest(SuiteRunner.java:366)
	at org.testng.SuiteRunner.runSequentially(SuiteRunner.java:361)
	at org.testng.SuiteRunner.privateRun(SuiteRunner.java:319)
	at org.testng.SuiteRunner.run(SuiteRunner.java:268)
	at org.testng.SuiteRunnerWorker.runSuite(SuiteRunnerWorker.java:52)
	at org.testng.SuiteRunnerWorker.run(SuiteRunnerWorker.java:86)
	at org.testng.TestNG.runSuitesSequentially(TestNG.java:1244)
	at org.testng.TestNG.runSuitesLocally(TestNG.java:1169)
	at org.testng.TestNG.run(TestNG.java:1064)
	at org.testng.remote.AbstractRemoteTestNG.run(AbstractRemoteTestNG.java:114)
	at org.testng.remote.RemoteTestNG.initAndRun(RemoteTestNG.java:251)
	at org.testng.remote.RemoteTestNG.main(RemoteTestNG.java:77)
]]>
    </failure>
  </testcase> <!-- checkUpdateAcountInformationForUpdateAccountInAccountsMasterPage -->
  <testcase name="checkSignToCheckAccountsMastersPage" time="17.966" classname="com.focus.testcases.SmokeAccountsTest"/>
  <testcase name="checkCreateTabUpdateTabFieldsAvailabilityInAccountsMasterCreationPage" time="3.181" classname="com.focus.testcases.SmokeAccountsTest"/>
  <testcase name="checkUpdatingAccountInformationOnClickSaveButtonInAccountsCreationPage" time="9.631" classname="com.focus.testcases.SmokeAccountsTest"/>
  <testcase name="checkCloseAccountsCreationPageOnClickOnCloseButtonInAccountsCreationPage" time="4.504" classname="com.focus.testcases.SmokeAccountsTest"/>
  <testcase name="checkAccountMasterSavedInfomationDetailsOnClickOnEditInAccountsMasterPage" time="15.164" classname="com.focus.testcases.SmokeAccountsTest"/>
  <testcase name="checkAccountsCreationPageAndGeneralTabFieldsAvailabilityOnClickOnNewButtonInAccountsMasterPage" time="18.881" classname="com.focus.testcases.SmokeAccountsTest">
    <failure type="java.lang.AssertionError" message="expected [true] but found [false]">
      <![CDATA[java.lang.AssertionError: expected [true] but found [false]
	at org.testng.Assert.fail(Assert.java:94)
	at org.testng.Assert.failNotEquals(Assert.java:513)
	at org.testng.Assert.assertEqualsImpl(Assert.java:135)
	at org.testng.Assert.assertEquals(Assert.java:116)
	at org.testng.Assert.assertEquals(Assert.java:305)
	at org.testng.Assert.assertEquals(Assert.java:315)
	at com.focus.testcases.SmokeAccountsTest.checkAccountsCreationPageAndGeneralTabFieldsAvailabilityOnClickOnNewButtonInAccountsMasterPage(SmokeAccountsTest.java:105)
	at sun.reflect.NativeMethodAccessorImpl.invoke0(Native Method)
	at sun.reflect.NativeMethodAccessorImpl.invoke(Unknown Source)
	at sun.reflect.DelegatingMethodAccessorImpl.invoke(Unknown Source)
	at java.lang.reflect.Method.invoke(Unknown Source)
	at org.testng.internal.MethodInvocationHelper.invokeMethod(MethodInvocationHelper.java:86)
	at org.testng.internal.Invoker.invokeMethod(Invoker.java:643)
	at org.testng.internal.Invoker.invokeTestMethod(Invoker.java:820)
	at org.testng.internal.Invoker.invokeTestMethods(Invoker.java:1128)
	at org.testng.internal.TestMethodWorker.invokeTestMethods(TestMethodWorker.java:129)
	at org.testng.internal.TestMethodWorker.run(TestMethodWorker.java:112)
	at org.testng.TestRunner.privateRun(TestRunner.java:782)
	at org.testng.TestRunner.run(TestRunner.java:632)
	at org.testng.SuiteRunner.runTest(SuiteRunner.java:366)
	at org.testng.SuiteRunner.runSequentially(SuiteRunner.java:361)
	at org.testng.SuiteRunner.privateRun(SuiteRunner.java:319)
	at org.testng.SuiteRunner.run(SuiteRunner.java:268)
	at org.testng.SuiteRunnerWorker.runSuite(SuiteRunnerWorker.java:52)
	at org.testng.SuiteRunnerWorker.run(SuiteRunnerWorker.java:86)
	at org.testng.TestNG.runSuitesSequentially(TestNG.java:1244)
	at org.testng.TestNG.runSuitesLocally(TestNG.java:1169)
	at org.testng.TestNG.run(TestNG.java:1064)
	at org.testng.remote.AbstractRemoteTestNG.run(AbstractRemoteTestNG.java:114)
	at org.testng.remote.RemoteTestNG.initAndRun(RemoteTestNG.java:251)
	at org.testng.remote.RemoteTestNG.main(RemoteTestNG.java:77)
]]>
    </failure>
  </testcase> <!-- checkAccountsCreationPageAndGeneralTabFieldsAvailabilityOnClickOnNewButtonInAccountsMasterPage -->
  <testcase name="checkHideAccountGroupOptionsAvailableInAccountMastersPage" time="3.349" classname="com.focus.testcases.SmokeAccountsTest"/>
  <testcase name="checkDetailsTabFieldsAvailabilityOnClickOnDetailsTabInAccountsMasterCreationPage" time="7.441" classname="com.focus.testcases.SmokeAccountsTest"/>
  <testcase name="checkAccountsDisplayTableColumnValuesAvailableInAccountMastersPage" time="4.734" classname="com.focus.testcases.SmokeAccountsTest"/>
  <testcase name="checkAccountsDisplayTableColumnNamesAvailableInAccountMastersPage" time="5.107" classname="com.focus.testcases.SmokeAccountsTest"/>
  <testcase name="checkSettingTabFieldsAvailabilityOnClickOnSettingsTabInAccountsMasterCreationPage" time="22.550" classname="com.focus.testcases.SmokeAccountsTest"/>
  <testcase name="checkOpenAccountsMastersPage" time="3.052" classname="com.focus.testcases.SmokeAccountsTest"/>
  <testcase name="checkClickOnCloseButtonInAccountMasterToCloseAccountsPage" time="3.343" classname="com.focus.testcases.SmokeAccountsTest"/>
  <testcase name="checkSeclectAccountAndDeleteOptionInMasterPage" time="12.890" classname="com.focus.testcases.SmokeAccountsTest"/>
  <testcase name="checkDisplayOfGroupAvailableTreeStructureLeftPaneInAccountMastersPage" time="6.062" classname="com.focus.testcases.SmokeAccountsTest"/>
  <testcase name="checkSearchOptionAvailableInAccountMastersPage" time="5.267" classname="com.focus.testcases.SmokeAccountsTest"/>
  <testcase name="checkHeaderFieldsOptionsAvailableInAccountMastersPage" time="5.576" classname="com.focus.testcases.SmokeAccountsTest"/>
  <testcase name="checkClickOnSavedAccountCheckBoxToUnCheckInAccountsMasterPage" time="3.201" classname="com.focus.testcases.SmokeAccountsTest"/>
  <testcase name="checkTreeViewOptionsAvailableInAccountMastersPage" time="5.412" classname="com.focus.testcases.SmokeAccountsTest"/>
  <testcase name="checkCreateTreeToggleOptionsAvailableInAccountMastersPage" time="3.536" classname="com.focus.testcases.SmokeAccountsTest"/>
  <testcase name="checkAccountSaveOnInputAndClickOnSaveButtonInMasterCreationPage" time="10.484" classname="com.focus.testcases.SmokeAccountsTest"/>
  <testcase name="checkClickOnAccountSavedCheckBoxToCheckInAccountsMasterPage" time="3.906" classname="com.focus.testcases.SmokeAccountsTest"/>
  <testcase name="checkCreateViewToggleOptionsAvailableInAccountMastersPage" time="4.143" classname="com.focus.testcases.SmokeAccountsTest"/>
</testsuite> <!-- com.focus.testcases.SmokeAccountsTest -->
