<?xml version="1.0" encoding="UTF-8"?>
<!-- Generated by org.testng.reporters.JUnitReportReporter -->
<testsuite hostname="Focus-QA-4" name="com.focus.testcases.SmokeItemTest" tests="42" failures="3" timestamp="31 Oct 2020 09:02:02 GMT" time="320.155" errors="0">
  <testcase name="checkCheckBoxOfSavedMasterItemIsCheckedByClickingOnItemMaster" time="3.329" classname="com.focus.testcases.SmokeItemTest"/>
  <testcase name="checkCreateViewToggleOptionsAvailableInItemMastersPage" time="4.590" classname="com.focus.testcases.SmokeItemTest"/>
  <testcase name="checkUnitsTabInItemMasterCreationPage" time="7.845" classname="com.focus.testcases.SmokeItemTest"/>
  <testcase name="checkReplenishmentTabInItemMasterCreationPage" time="8.374" classname="com.focus.testcases.SmokeItemTest"/>
  <testcase name="checkHeaderFieldsOptionsAvailableInItemMastersPage" time="7.002" classname="com.focus.testcases.SmokeItemTest"/>
  <testcase name="checkItemsAddGroupButton" time="7.687" classname="com.focus.testcases.SmokeItemTest"/>
  <testcase name="checkItemDisplayTableColumnValuesAvailableInItemMastersPage" time="3.923" classname="com.focus.testcases.SmokeItemTest"/>
  <testcase name="checkEditOptionForNewlyCreatedItem" time="24.418" classname="com.focus.testcases.SmokeItemTest">
    <failure type="java.lang.AssertionError" message="expected [true] but found [false]">
      <![CDATA[java.lang.AssertionError: expected [true] but found [false]
	at org.testng.Assert.fail(Assert.java:94)
	at org.testng.Assert.failNotEquals(Assert.java:513)
	at org.testng.Assert.assertEqualsImpl(Assert.java:135)
	at org.testng.Assert.assertEquals(Assert.java:116)
	at org.testng.Assert.assertEquals(Assert.java:305)
	at org.testng.Assert.assertEquals(Assert.java:315)
	at com.focus.testcases.SmokeItemTest.checkEditOptionForNewlyCreatedItem(SmokeItemTest.java:204)
	at sun.reflect.NativeMethodAccessorImpl.invoke0(Native Method)
	at sun.reflect.NativeMethodAccessorImpl.invoke(Unknown Source)
	at sun.reflect.DelegatingMethodAccessorImpl.invoke(Unknown Source)
	at java.lang.reflect.Method.invoke(Unknown Source)
	at org.testng.internal.MethodInvocationHelper.invokeMethod(MethodInvocationHelper.java:86)
	at org.testng.internal.Invoker.invokeMethod(Invoker.java:643)
	at org.testng.internal.Invoker.invokeTestMethod(Invoker.java:820)
	at org.testng.internal.Invoker.invokeTestMethods(Invoker.java:1128)
	at org.testng.internal.TestMethodWorker.invokeTestMethods(TestMethodWorker.java:129)
	at org.testng.internal.TestMethodWorker.run(TestMethodWorker.java:112)
	at org.testng.TestRunner.privateRun(TestRunner.java:782)
	at org.testng.TestRunner.run(TestRunner.java:632)
	at org.testng.SuiteRunner.runTest(SuiteRunner.java:366)
	at org.testng.SuiteRunner.runSequentially(SuiteRunner.java:361)
	at org.testng.SuiteRunner.privateRun(SuiteRunner.java:319)
	at org.testng.SuiteRunner.run(SuiteRunner.java:268)
	at org.testng.SuiteRunnerWorker.runSuite(SuiteRunnerWorker.java:52)
	at org.testng.SuiteRunnerWorker.run(SuiteRunnerWorker.java:86)
	at org.testng.TestNG.runSuitesSequentially(TestNG.java:1244)
	at org.testng.TestNG.runSuitesLocally(TestNG.java:1169)
	at org.testng.TestNG.run(TestNG.java:1064)
	at org.testng.remote.AbstractRemoteTestNG.run(AbstractRemoteTestNG.java:114)
	at org.testng.remote.RemoteTestNG.initAndRun(RemoteTestNG.java:251)
	at org.testng.remote.RemoteTestNG.main(RemoteTestNG.java:77)
]]>
    </failure>
  </testcase> <!-- checkEditOptionForNewlyCreatedItem -->
  <testcase name="checkItemFirstLevel" time="11.187" classname="com.focus.testcases.SmokeItemTest"/>
  <testcase name="checkUpdatedItemInformation" time="19.575" classname="com.focus.testcases.SmokeItemTest">
    <failure type="java.lang.AssertionError" message="expected [true] but found [false]">
      <![CDATA[java.lang.AssertionError: expected [true] but found [false]
	at org.testng.Assert.fail(Assert.java:94)
	at org.testng.Assert.failNotEquals(Assert.java:513)
	at org.testng.Assert.assertEqualsImpl(Assert.java:135)
	at org.testng.Assert.assertEquals(Assert.java:116)
	at org.testng.Assert.assertEquals(Assert.java:305)
	at org.testng.Assert.assertEquals(Assert.java:315)
	at com.focus.testcases.SmokeItemTest.checkUpdatedItemInformation(SmokeItemTest.java:218)
	at sun.reflect.NativeMethodAccessorImpl.invoke0(Native Method)
	at sun.reflect.NativeMethodAccessorImpl.invoke(Unknown Source)
	at sun.reflect.DelegatingMethodAccessorImpl.invoke(Unknown Source)
	at java.lang.reflect.Method.invoke(Unknown Source)
	at org.testng.internal.MethodInvocationHelper.invokeMethod(MethodInvocationHelper.java:86)
	at org.testng.internal.Invoker.invokeMethod(Invoker.java:643)
	at org.testng.internal.Invoker.invokeTestMethod(Invoker.java:820)
	at org.testng.internal.Invoker.invokeTestMethods(Invoker.java:1128)
	at org.testng.internal.TestMethodWorker.invokeTestMethods(TestMethodWorker.java:129)
	at org.testng.internal.TestMethodWorker.run(TestMethodWorker.java:112)
	at org.testng.TestRunner.privateRun(TestRunner.java:782)
	at org.testng.TestRunner.run(TestRunner.java:632)
	at org.testng.SuiteRunner.runTest(SuiteRunner.java:366)
	at org.testng.SuiteRunner.runSequentially(SuiteRunner.java:361)
	at org.testng.SuiteRunner.privateRun(SuiteRunner.java:319)
	at org.testng.SuiteRunner.run(SuiteRunner.java:268)
	at org.testng.SuiteRunnerWorker.runSuite(SuiteRunnerWorker.java:52)
	at org.testng.SuiteRunnerWorker.run(SuiteRunnerWorker.java:86)
	at org.testng.TestNG.runSuitesSequentially(TestNG.java:1244)
	at org.testng.TestNG.runSuitesLocally(TestNG.java:1169)
	at org.testng.TestNG.run(TestNG.java:1064)
	at org.testng.remote.AbstractRemoteTestNG.run(AbstractRemoteTestNG.java:114)
	at org.testng.remote.RemoteTestNG.initAndRun(RemoteTestNG.java:251)
	at org.testng.remote.RemoteTestNG.main(RemoteTestNG.java:77)
]]>
    </failure>
  </testcase> <!-- checkUpdatedItemInformation -->
  <testcase name="checkGeneralTabInItemMasterCreationPage" time="5.363" classname="com.focus.testcases.SmokeItemTest"/>
  <testcase name="checkLogoutInCurrencyMasterPage" time="4.454" classname="com.focus.testcases.SmokeItemTest"/>
  <testcase name="checkSaveButtonWithoutInputCodeMandatoryFieldsInAddGroupOption" time="5.631" classname="com.focus.testcases.SmokeItemTest"/>
  <testcase name="checkSaveButtonByInputInProductCreationPage" time="11.549" classname="com.focus.testcases.SmokeItemTest"/>
  <testcase name="checkUnCheckBoxOfSavedMasterItemIsCheckedByClickingOnItemMaster" time="3.527" classname="com.focus.testcases.SmokeItemTest"/>
  <testcase name="checkNewButtonOnClickToDisplayItemCreationPage" time="4.782" classname="com.focus.testcases.SmokeItemTest"/>
  <testcase name="checkUpateForGroupItem" time="6.921" classname="com.focus.testcases.SmokeItemTest"/>
  <testcase name="checkOtherToolsOptionsOnClickMasterExpandOptionsInItemMasterPageu" time="6.080" classname="com.focus.testcases.SmokeItemTest"/>
  <testcase name="checkItemDisplayTableColumnNamesAvailableInItemMastersPage" time="3.922" classname="com.focus.testcases.SmokeItemTest"/>
  <testcase name="checkSettingTabInItemMasterCreationPage" time="7.416" classname="com.focus.testcases.SmokeItemTest"/>
  <testcase name="checkClickOnCloseAndCreatedMasterItemDisplayInGrid" time="3.580" classname="com.focus.testcases.SmokeItemTest"/>
  <testcase name="checkDeleteItemFromItemMasterPage" time="12.229" classname="com.focus.testcases.SmokeItemTest"/>
  <testcase name="checkClickOnItemFromItemMenu" time="8.248" classname="com.focus.testcases.SmokeItemTest"/>
  <testcase name="checkSearchOptionAvailableInItemMastersPage" time="3.907" classname="com.focus.testcases.SmokeItemTest"/>
  <testcase name="checkCreateTreeToggleOptionsAvailableInItemMastersPage" time="3.877" classname="com.focus.testcases.SmokeItemTest"/>
  <testcase name="checkSaveItemInItemGroup" time="18.519" classname="com.focus.testcases.SmokeItemTest"/>
  <testcase name="checkCloseOptionInItemCreationInItemCreation" time="11.335" classname="com.focus.testcases.SmokeItemTest"/>
  <testcase name="checkUnHideUnitsGroupOptionsAvailableInItemMastersPage" time="4.726" classname="com.focus.testcases.SmokeItemTest"/>
  <testcase name="checkItemAddGroupCreationScreenAfterSaving" time="8.207" classname="com.focus.testcases.SmokeItemTest"/>
  <testcase name="checkHideUnitGroupOptionsAvailableInItemMastersPage" time="3.700" classname="com.focus.testcases.SmokeItemTest"/>
  <testcase name="checkClassificationTabInItemMasterCreationPage" time="6.666" classname="com.focus.testcases.SmokeItemTest"/>
  <testcase name="checkCloseItemMaster" time="2.393" classname="com.focus.testcases.SmokeItemTest"/>
  <testcase name="checkDisplayOfGroupAvailableTreeStructureLeftPaneInItemMastersPage" time="3.895" classname="com.focus.testcases.SmokeItemTest"/>
  <testcase name="checkClickOnGroupItemToDisplayEmpty" time="6.691" classname="com.focus.testcases.SmokeItemTest"/>
  <testcase name="checkTreeViewOptionsAvailableInItemMastersPage" time="5.775" classname="com.focus.testcases.SmokeItemTest"/>
  <testcase name="checkSignToCheckItemMastersPage" time="23.105" classname="com.focus.testcases.SmokeItemTest"/>
  <testcase name="checkSaveOnUpdateItemGroupDisplayInItemGrid" time="2.321" classname="com.focus.testcases.SmokeItemTest"/>
  <testcase name="checkDeleteItemDisplayInMasterDisplay" time="3.042" classname="com.focus.testcases.SmokeItemTest"/>
  <testcase name="checkOutletTabInItemMasterCreationPage" time="7.080" classname="com.focus.testcases.SmokeItemTest"/>
  <testcase name="checkEditOptionForItemGroup" time="3.334" classname="com.focus.testcases.SmokeItemTest"/>
  <testcase name="checkToolsOptionsOnClickMasterExpandOptionsInItemMasterPageu" time="11.948" classname="com.focus.testcases.SmokeItemTest">
    <failure type="java.lang.AssertionError" message="expected [true] but found [false]">
      <![CDATA[java.lang.AssertionError: expected [true] but found [false]
	at org.testng.Assert.fail(Assert.java:94)
	at org.testng.Assert.failNotEquals(Assert.java:513)
	at org.testng.Assert.assertEqualsImpl(Assert.java:135)
	at org.testng.Assert.assertEquals(Assert.java:116)
	at org.testng.Assert.assertEquals(Assert.java:305)
	at org.testng.Assert.assertEquals(Assert.java:315)
	at com.focus.testcases.SmokeItemTest.checkToolsOptionsOnClickMasterExpandOptionsInItemMasterPageu(SmokeItemTest.java:41)
	at sun.reflect.NativeMethodAccessorImpl.invoke0(Native Method)
	at sun.reflect.NativeMethodAccessorImpl.invoke(Unknown Source)
	at sun.reflect.DelegatingMethodAccessorImpl.invoke(Unknown Source)
	at java.lang.reflect.Method.invoke(Unknown Source)
	at org.testng.internal.MethodInvocationHelper.invokeMethod(MethodInvocationHelper.java:86)
	at org.testng.internal.Invoker.invokeMethod(Invoker.java:643)
	at org.testng.internal.Invoker.invokeTestMethod(Invoker.java:820)
	at org.testng.internal.Invoker.invokeTestMethods(Invoker.java:1128)
	at org.testng.internal.TestMethodWorker.invokeTestMethods(TestMethodWorker.java:129)
	at org.testng.internal.TestMethodWorker.run(TestMethodWorker.java:112)
	at org.testng.TestRunner.privateRun(TestRunner.java:782)
	at org.testng.TestRunner.run(TestRunner.java:632)
	at org.testng.SuiteRunner.runTest(SuiteRunner.java:366)
	at org.testng.SuiteRunner.runSequentially(SuiteRunner.java:361)
	at org.testng.SuiteRunner.privateRun(SuiteRunner.java:319)
	at org.testng.SuiteRunner.run(SuiteRunner.java:268)
	at org.testng.SuiteRunnerWorker.runSuite(SuiteRunnerWorker.java:52)
	at org.testng.SuiteRunnerWorker.run(SuiteRunnerWorker.java:86)
	at org.testng.TestNG.runSuitesSequentially(TestNG.java:1244)
	at org.testng.TestNG.runSuitesLocally(TestNG.java:1169)
	at org.testng.TestNG.run(TestNG.java:1064)
	at org.testng.remote.AbstractRemoteTestNG.run(AbstractRemoteTestNG.java:114)
	at org.testng.remote.RemoteTestNG.initAndRun(RemoteTestNG.java:251)
	at org.testng.remote.RemoteTestNG.main(RemoteTestNG.java:77)
]]>
    </failure>
  </testcase> <!-- checkToolsOptionsOnClickMasterExpandOptionsInItemMasterPageu -->
  <testcase name="checkOtherDeailsTabInMasterCreationPage" time="8.002" classname="com.focus.testcases.SmokeItemTest"/>
</testsuite> <!-- com.focus.testcases.SmokeItemTest -->
